#
# There is insufficient memory for the Java Runtime Environment to continue.
# Native memory allocation (malloc) failed to allocate 784176 bytes for Chunk::new
# Possible reasons:
#   The system is out of physical RAM or swap space
#   The process is running with CompressedOops enabled, and the Java Heap may be blocking the growth of the native heap
# Possible solutions:
#   Reduce memory load on the system
#   Increase physical memory or swap space
#   Check if swap backing store is full
#   Decrease Java heap size (-Xmx/-Xms)
#   Decrease number of Java threads
#   Decrease Java thread stack sizes (-Xss)
#   Set larger code cache with -XX:ReservedCodeCacheSize=
#   JVM is running with Unscaled Compressed Oops mode in which the Java heap is
#     placed in the first 4GB address space. The Java Heap base address is the
#     maximum limit for the native heap growth. Please use -XX:HeapBaseMinAddress
#     to set the Java Heap base and to place the Java Heap above 4GB virtual address.
# This output file may be truncated or incomplete.
#
#  Out of Memory Error (allocation.cpp:389), pid=8108, tid=0x0000000000001198
#
# JRE version: OpenJDK Runtime Environment (8.0_242-b01) (build 1.8.0_242-release-1644-b01)
# Java VM: OpenJDK 64-Bit Server VM (25.242-b01 mixed mode windows-amd64 compressed oops)
# Failed to write core dump. Minidumps are not enabled by default on client versions of Windows
#

---------------  T H R E A D  ---------------

Current thread (0x000000001a0b7800):  JavaThread "C2 CompilerThread2" daemon [_thread_in_native, id=4504, stack(0x000000001ab80000,0x000000001ac80000)]

Stack: [0x000000001ab80000,0x000000001ac80000]
[error occurred during error reporting (printing stack bounds), id 0xc0000005]

Native frames: (J=compiled Java code, j=interpreted, Vv=VM code, C=native code)


Current CompileTask:
C2:   7676 1946   !   4       java.net.URL::<init> (543 bytes)


---------------  P R O C E S S  ---------------

Java Threads: ( => current thread )
  0x000000001b47f800 JavaThread "Cache worker for execution history cache (C:\Users\mahmooda\.gradle\caches\6.5\executionHistory)" [_thread_blocked, id=16312, stack(0x0000000022c70000,0x0000000022d70000)]
  0x000000001b482000 JavaThread "Cache worker for cache directory md-rule (C:\Users\mahmooda\.gradle\caches\6.5\md-rule)" [_thread_blocked, id=23268, stack(0x0000000022b70000,0x0000000022c70000)]
  0x000000001b481000 JavaThread "Cache worker for cache directory md-supplier (C:\Users\mahmooda\.gradle\caches\6.5\md-supplier)" [_thread_blocked, id=8004, stack(0x0000000021640000,0x0000000021740000)]
  0x000000001b47d800 JavaThread "Cache worker for checksums cache (C:\Users\mahmooda\AndroidStudioProjects\Carehub\.gradle\checksums)" [_thread_blocked, id=45236, stack(0x0000000021540000,0x0000000021640000)]
  0x000000001b482800 JavaThread "Cache worker for file hash cache (C:\Users\mahmooda\AndroidStudioProjects\Carehub\.gradle\6.5\fileHashes)" [_thread_blocked, id=23032, stack(0x0000000022790000,0x0000000022890000)]
  0x000000001b47e000 JavaThread "Cache worker for file hash cache (C:\Users\mahmooda\.gradle\caches\6.5\fileHashes)" [_thread_blocked, id=38012, stack(0x000000001f0a0000,0x000000001f1a0000)]
  0x000000001b47f000 JavaThread "File lock request listener" [_thread_in_native, id=44452, stack(0x000000001efa0000,0x000000001f0a0000)]
  0x000000001b7f6000 JavaThread "Cache worker for journal cache (C:\Users\mahmooda\.gradle\caches\journal-1)" [_thread_blocked, id=35824, stack(0x000000001eea0000,0x000000001efa0000)]
  0x000000001a40a800 JavaThread "Thread-9" [_thread_blocked, id=28124, stack(0x000000001eba0000,0x000000001eca0000)]
  0x000000001a406000 JavaThread "Stdin handler" [_thread_blocked, id=42992, stack(0x000000001eaa0000,0x000000001eba0000)]
  0x000000001a405000 JavaThread "Asynchronous log dispatcher for DefaultDaemonConnection: socket connection from /127.0.0.1:62343 to /127.0.0.1:62344" [_thread_blocked, id=39500, stack(0x000000001e9a0000,0x000000001eaa0000)]
  0x000000001a403800 JavaThread "Daemon worker" [_thread_in_vm, id=36356, stack(0x000000001e8a0000,0x000000001e9a0000)]
  0x000000001a402800 JavaThread "Cancel handler" [_thread_blocked, id=10924, stack(0x000000001e6a0000,0x000000001e7a0000)]
  0x000000001c94b800 JavaThread "Handler for socket connection from /127.0.0.1:62343 to /127.0.0.1:62344" [_thread_in_native, id=43136, stack(0x000000001e5a0000,0x000000001e6a0000)]
  0x000000001c949000 JavaThread "Daemon" [_thread_blocked, id=45836, stack(0x000000001e4a0000,0x000000001e5a0000)]
  0x000000001c929000 JavaThread "Daemon periodic checks" [_thread_blocked, id=45264, stack(0x000000001e1a0000,0x000000001e2a0000)]
  0x000000001c928000 JavaThread "Incoming local TCP Connector on port 62343" [_thread_in_native, id=46120, stack(0x000000001df60000,0x000000001e060000)]
  0x000000001c900800 JavaThread "Daemon health stats" [_thread_blocked, id=44164, stack(0x000000001d920000,0x000000001da20000)]
  0x000000001a147000 JavaThread "Service Thread" daemon [_thread_blocked, id=27252, stack(0x000000001ad80000,0x000000001ae80000)]
  0x000000001a0ca000 JavaThread "C1 CompilerThread3" daemon [_thread_blocked, id=45892, stack(0x000000001ac80000,0x000000001ad80000)]
=>0x000000001a0b7800 JavaThread "C2 CompilerThread2" daemon [_thread_in_native, id=4504, stack(0x000000001ab80000,0x000000001ac80000)]
  0x000000001a0b7000 JavaThread "C2 CompilerThread1" daemon [_thread_blocked, id=41660, stack(0x000000001aa80000,0x000000001ab80000)]
  0x000000001a0b3000 JavaThread "C2 CompilerThread0" daemon [_thread_blocked, id=39136, stack(0x000000001a980000,0x000000001aa80000)]
  0x000000001a0b1800 JavaThread "Attach Listener" daemon [_thread_blocked, id=46772, stack(0x000000001a880000,0x000000001a980000)]
  0x000000001a0af000 JavaThread "Signal Dispatcher" daemon [_thread_blocked, id=43244, stack(0x000000001a780000,0x000000001a880000)]
  0x000000000322e000 JavaThread "Finalizer" daemon [_thread_blocked, id=21816, stack(0x000000001a580000,0x000000001a680000)]
  0x0000000003227000 JavaThread "Reference Handler" daemon [_thread_blocked, id=45956, stack(0x000000001a480000,0x000000001a580000)]
  0x0000000003132800 JavaThread "main" [_thread_blocked, id=41028, stack(0x0000000003030000,0x0000000003130000)]

Other Threads:
  0x0000000018296800 VMThread [stack: 0x0000000019f80000,0x000000001a080000] [id=45060]
  0x000000001a147800 WatcherThread [stack: 0x000000001ae80000,0x000000001af80000] [id=36224]

VM state:not at safepoint (normal execution)

VM Mutex/Monitor currently owned by a thread: None

heap address: 0x0000000080000000, size: 2048 MB, Compressed Oops mode: 32-bit
Narrow klass base: 0x0000000000000000, Narrow klass shift: 3
Compressed class space size: 1073741824 Address: 0x0000000100000000

Heap:
 PSYoungGen      total 75264K, used 41190K [0x00000000d5580000, 0x00000000de780000, 0x0000000100000000)
  eden space 64000K, 64% used [0x00000000d5580000,0x00000000d7db98e8,0x00000000d9400000)
  from space 11264K, 0% used [0x00000000d9400000,0x00000000d9400000,0x00000000d9f00000)
  to   space 10752K, 0% used [0x00000000ddd00000,0x00000000ddd00000,0x00000000de780000)
 ParOldGen       total 47104K, used 6799K [0x0000000080000000, 0x0000000082e00000, 0x00000000d5580000)
  object space 47104K, 14% used [0x0000000080000000,0x00000000806a3ef8,0x0000000082e00000)
 Metaspace       used 23549K, capacity 24328K, committed 24624K, reserved 1071104K
  class space    used 3351K, capacity 3582K, committed 3632K, reserved 1048576K

Card table byte_map: [0x00000000125f0000,0x0000000012a00000] byte_map_base: 0x00000000121f0000

Marking Bits: (ParMarkBitMap*) 0x000000006816f030
 Begin Bits: [0x00000000134b0000, 0x00000000154b0000)
 End Bits:   [0x00000000154b0000, 0x00000000174b0000)

Polling page: 0x0000000001670000

CodeCache: size=245760Kb used=6987Kb max_used=6987Kb free=238772Kb
 bounds [0x0000000003230000, 0x0000000003910000, 0x0000000012230000]
 total_blobs=2417 nmethods=1986 adapters=344
 compilation: enabled

Compilation events (10 events):
Event: 7.670 Thread 0x000000001a0ca000 nmethod 2017 0x0000000003901190 code [0x00000000039013a0, 0x0000000003901ad8]
Event: 7.670 Thread 0x000000001a0ca000 2013       3       org.objectweb.asm.MethodWriter::<init> (232 bytes)
Event: 7.670 Thread 0x000000001a0b3000 nmethod 2018 0x0000000003905650 code [0x00000000039057a0, 0x00000000039058b8]
Event: 7.671 Thread 0x000000001a0ca000 nmethod 2013 0x0000000003903f10 code [0x0000000003904140, 0x0000000003904fb8]
Event: 7.671 Thread 0x000000001a0ca000 2014       3       org.objectweb.asm.MethodVisitor::<init> (7 bytes)
Event: 7.671 Thread 0x000000001a0ca000 nmethod 2014 0x0000000003903b90 code [0x0000000003903d00, 0x0000000003903e88]
Event: 7.671 Thread 0x000000001a0ca000 2015       3       org.objectweb.asm.MethodVisitor::<init> (82 bytes)
Event: 7.672 Thread 0x000000001a0ca000 nmethod 2015 0x0000000003902b50 code [0x0000000003902d40, 0x0000000003903768]
Event: 7.672 Thread 0x000000001a0ca000 2006       3       sun.reflect.generics.scope.AbstractScope::<init> (10 bytes)
Event: 7.672 Thread 0x000000001a0ca000 nmethod 2006 0x00000000039059d0 code [0x0000000003905b20, 0x0000000003905cf0]

GC Heap History (10 events):
Event: 6.143 GC heap before
{Heap before GC invocations=4 (full 0):
 PSYoungGen      total 37888K, used 37856K [0x00000000d5580000, 0x00000000d7f80000, 0x0000000100000000)
  eden space 32768K, 100% used [0x00000000d5580000,0x00000000d7580000,0x00000000d7580000)
  from space 5120K, 99% used [0x00000000d7580000,0x00000000d7a78020,0x00000000d7a80000)
  to   space 5120K, 0% used [0x00000000d7a80000,0x00000000d7a80000,0x00000000d7f80000)
 ParOldGen       total 86016K, used 998K [0x0000000080000000, 0x0000000085400000, 0x00000000d5580000)
  object space 86016K, 1% used [0x0000000080000000,0x00000000800f9ae8,0x0000000085400000)
 Metaspace       used 14611K, capacity 15090K, committed 15232K, reserved 1062912K
  class space    used 1995K, capacity 2153K, committed 2176K, reserved 1048576K
Event: 6.150 GC heap after
Heap after GC invocations=4 (full 0):
 PSYoungGen      total 37888K, used 5104K [0x00000000d5580000, 0x00000000d7f80000, 0x0000000100000000)
  eden space 32768K, 0% used [0x00000000d5580000,0x00000000d5580000,0x00000000d7580000)
  from space 5120K, 99% used [0x00000000d7a80000,0x00000000d7f7c050,0x00000000d7f80000)
  to   space 5120K, 0% used [0x00000000d7580000,0x00000000d7580000,0x00000000d7a80000)
 ParOldGen       total 86016K, used 3303K [0x0000000080000000, 0x0000000085400000, 0x00000000d5580000)
  object space 86016K, 3% used [0x0000000080000000,0x0000000080339fb0,0x0000000085400000)
 Metaspace       used 14611K, capacity 15090K, committed 15232K, reserved 1062912K
  class space    used 1995K, capacity 2153K, committed 2176K, reserved 1048576K
}
Event: 6.584 GC heap before
{Heap before GC invocations=5 (full 0):
 PSYoungGen      total 37888K, used 37872K [0x00000000d5580000, 0x00000000d7f80000, 0x0000000100000000)
  eden space 32768K, 100% used [0x00000000d5580000,0x00000000d7580000,0x00000000d7580000)
  from space 5120K, 99% used [0x00000000d7a80000,0x00000000d7f7c050,0x00000000d7f80000)
  to   space 5120K, 0% used [0x00000000d7580000,0x00000000d7580000,0x00000000d7a80000)
 ParOldGen       total 86016K, used 3303K [0x0000000080000000, 0x0000000085400000, 0x00000000d5580000)
  object space 86016K, 3% used [0x0000000080000000,0x0000000080339fb0,0x0000000085400000)
 Metaspace       used 17453K, capacity 18048K, committed 18304K, reserved 1064960K
  class space    used 2387K, capacity 2564K, committed 2688K, reserved 1048576K
Event: 6.598 GC heap after
Heap after GC invocations=5 (full 0):
 PSYoungGen      total 37888K, used 5104K [0x00000000d5580000, 0x00000000da880000, 0x0000000100000000)
  eden space 32768K, 0% used [0x00000000d5580000,0x00000000d5580000,0x00000000d7580000)
  from space 5120K, 99% used [0x00000000d7580000,0x00000000d7a7c050,0x00000000d7a80000)
  to   space 9728K, 0% used [0x00000000d9f00000,0x00000000d9f00000,0x00000000da880000)
 ParOldGen       total 86016K, used 6248K [0x0000000080000000, 0x0000000085400000, 0x00000000d5580000)
  object space 86016K, 7% used [0x0000000080000000,0x000000008061a088,0x0000000085400000)
 Metaspace       used 17453K, capacity 18048K, committed 18304K, reserved 1064960K
  class space    used 2387K, capacity 2564K, committed 2688K, reserved 1048576K
}
Event: 7.161 GC heap before
{Heap before GC invocations=6 (full 0):
 PSYoungGen      total 37888K, used 37872K [0x00000000d5580000, 0x00000000da880000, 0x0000000100000000)
  eden space 32768K, 100% used [0x00000000d5580000,0x00000000d7580000,0x00000000d7580000)
  from space 5120K, 99% used [0x00000000d7580000,0x00000000d7a7c050,0x00000000d7a80000)
  to   space 9728K, 0% used [0x00000000d9f00000,0x00000000d9f00000,0x00000000da880000)
 ParOldGen       total 86016K, used 6248K [0x0000000080000000, 0x0000000085400000, 0x00000000d5580000)
  object space 86016K, 7% used [0x0000000080000000,0x000000008061a088,0x0000000085400000)
 Metaspace       used 20382K, capacity 21060K, committed 21248K, reserved 1067008K
  class space    used 2844K, capacity 3044K, committed 3072K, reserved 1048576K
Event: 7.169 GC heap after
Heap after GC invocations=6 (full 0):
 PSYoungGen      total 73728K, used 8832K [0x00000000d5580000, 0x00000000dab80000, 0x0000000100000000)
  eden space 64000K, 0% used [0x00000000d5580000,0x00000000d5580000,0x00000000d9400000)
  from space 9728K, 90% used [0x00000000d9f00000,0x00000000da7a0398,0x00000000da880000)
  to   space 11264K, 0% used [0x00000000d9400000,0x00000000d9400000,0x00000000d9f00000)
 ParOldGen       total 86016K, used 6256K [0x0000000080000000, 0x0000000085400000, 0x00000000d5580000)
  object space 86016K, 7% used [0x0000000080000000,0x000000008061c088,0x0000000085400000)
 Metaspace       used 20382K, capacity 21060K, committed 21248K, reserved 1067008K
  class space    used 2844K, capacity 3044K, committed 3072K, reserved 1048576K
}
Event: 7.199 GC heap before
{Heap before GC invocations=7 (full 0):
 PSYoungGen      total 73728K, used 14281K [0x00000000d5580000, 0x00000000dab80000, 0x0000000100000000)
  eden space 64000K, 8% used [0x00000000d5580000,0x00000000d5ad2228,0x00000000d9400000)
  from space 9728K, 90% used [0x00000000d9f00000,0x00000000da7a0398,0x00000000da880000)
  to   space 11264K, 0% used [0x00000000d9400000,0x00000000d9400000,0x00000000d9f00000)
 ParOldGen       total 86016K, used 6256K [0x0000000080000000, 0x0000000085400000, 0x00000000d5580000)
  object space 86016K, 7% used [0x0000000080000000,0x000000008061c088,0x0000000085400000)
 Metaspace       used 20553K, capacity 21220K, committed 21296K, reserved 1067008K
  class space    used 2873K, capacity 3076K, committed 3120K, reserved 1048576K
Event: 7.203 GC heap after
Heap after GC invocations=7 (full 0):
 PSYoungGen      total 75264K, used 3892K [0x00000000d5580000, 0x00000000de780000, 0x0000000100000000)
  eden space 64000K, 0% used [0x00000000d5580000,0x00000000d5580000,0x00000000d9400000)
  from space 11264K, 34% used [0x00000000d9400000,0x00000000d97cd040,0x00000000d9f00000)
  to   space 10752K, 0% used [0x00000000ddd00000,0x00000000ddd00000,0x00000000de780000)
 ParOldGen       total 86016K, used 8660K [0x0000000080000000, 0x0000000085400000, 0x00000000d5580000)
  object space 86016K, 10% used [0x0000000080000000,0x00000000808750e8,0x0000000085400000)
 Metaspace       used 20553K, capacity 21220K, committed 21296K, reserved 1067008K
  class space    used 2873K, capacity 3076K, committed 3120K, reserved 1048576K
}
Event: 7.203 GC heap before
{Heap before GC invocations=8 (full 1):
 PSYoungGen      total 75264K, used 3892K [0x00000000d5580000, 0x00000000de780000, 0x0000000100000000)
  eden space 64000K, 0% used [0x00000000d5580000,0x00000000d5580000,0x00000000d9400000)
  from space 11264K, 34% used [0x00000000d9400000,0x00000000d97cd040,0x00000000d9f00000)
  to   space 10752K, 0% used [0x00000000ddd00000,0x00000000ddd00000,0x00000000de780000)
 ParOldGen       total 86016K, used 8660K [0x0000000080000000, 0x0000000085400000, 0x00000000d5580000)
  object space 86016K, 10% used [0x0000000080000000,0x00000000808750e8,0x0000000085400000)
 Metaspace       used 20553K, capacity 21220K, committed 21296K, reserved 1067008K
  class space    used 2873K, capacity 3076K, committed 3120K, reserved 1048576K
Event: 7.233 GC heap after
Heap after GC invocations=8 (full 1):
 PSYoungGen      total 75264K, used 0K [0x00000000d5580000, 0x00000000de780000, 0x0000000100000000)
  eden space 64000K, 0% used [0x00000000d5580000,0x00000000d5580000,0x00000000d9400000)
  from space 11264K, 0% used [0x00000000d9400000,0x00000000d9400000,0x00000000d9f00000)
  to   space 10752K, 0% used [0x00000000ddd00000,0x00000000ddd00000,0x00000000de780000)
 ParOldGen       total 47104K, used 6799K [0x0000000080000000, 0x0000000082e00000, 0x00000000d5580000)
  object space 47104K, 14% used [0x0000000080000000,0x00000000806a3ef8,0x0000000082e00000)
 Metaspace       used 20553K, capacity 21220K, committed 21296K, reserved 1067008K
  class space    used 2873K, capacity 3076K, committed 3120K, reserved 1048576K
}

Deoptimization events (10 events):
Event: 6.462 Thread 0x000000001a403800 Uncommon trap: reason=unstable_if action=reinterpret pc=0x0000000003490550 method=java.util.HashMap.getNode(ILjava/lang/Object;)Ljava/util/HashMap$Node; @ 129
Event: 6.462 Thread 0x000000001a403800 Uncommon trap: reason=bimorphic action=maybe_recompile pc=0x00000000036de2b8 method=java.util.HashMap.putVal(ILjava/lang/Object;Ljava/lang/Object;ZZ)Ljava/lang/Object; @ 203
Event: 6.663 Thread 0x000000001a403800 Uncommon trap: reason=unstable_if action=reinterpret pc=0x000000000374fe4c method=java.util.jar.Attributes$Name.isDigit(C)Z @ 3
Event: 6.875 Thread 0x000000001a403800 Uncommon trap: reason=unstable_if action=reinterpret pc=0x00000000035ced48 method=java.net.URI.match(CJJ)Z @ 19
Event: 6.875 Thread 0x000000001a403800 Uncommon trap: reason=unstable_if action=reinterpret pc=0x00000000033fd408 method=java.net.URI.match(CJJ)Z @ 19
Event: 6.875 Thread 0x000000001a403800 Uncommon trap: reason=unstable_if action=reinterpret pc=0x00000000034db800 method=java.net.URI.match(CJJ)Z @ 19
Event: 7.250 Thread 0x000000001a403800 Uncommon trap: reason=unstable_if action=reinterpret pc=0x00000000037b9ca0 method=java.util.HashMap.hash(Ljava/lang/Object;)I @ 1
Event: 7.257 Thread 0x000000001a403800 Uncommon trap: reason=unstable_if action=reinterpret pc=0x00000000036cafe8 method=java.util.HashMap.hash(Ljava/lang/Object;)I @ 1
Event: 7.274 Thread 0x000000001a403800 Uncommon trap: reason=unstable_if action=reinterpret pc=0x000000000381a3bc method=jdk.internal.org.objectweb.asm.Type.getArgumentsAndReturnSizes(Ljava/lang/String;)I @ 88
Event: 7.374 Thread 0x000000001a403800 Uncommon trap: reason=unstable_if action=reinterpret pc=0x000000000352d04c method=java.io.WinNTFileSystem.resolve(Ljava/lang/String;Ljava/lang/String;)Ljava/lang/String; @ 49

Classes redefined (0 events):
No events

Internal exceptions (10 events):
Event: 6.245 Thread 0x000000001a403800 Exception <a 'java/lang/NoSuchMethodError': java.lang.Object.lambda$and$0(Ljava/util/function/Predicate;Ljava/lang/Object;)Z> (0x00000000d5aa48c8) thrown at [C:\src\AOSP-openjdk-git\hotspot\src\share\vm\interpreter\linkResolver.cpp, line 620]
Event: 6.255 Thread 0x000000001a403800 Exception <a 'java/lang/IncompatibleClassChangeError': Found class java.lang.Object, but interface was expected> (0x00000000d5ab4bc0) thrown at [C:\src\AOSP-openjdk-git\hotspot\src\share\vm\interpreter\linkResolver.cpp, line 653]
Event: 6.259 Thread 0x000000001a403800 Exception <a 'java/lang/NoSuchMethodError': java.lang.Object.lambda$or$2(Ljava/util/function/Predicate;Ljava/lang/Object;)Z> (0x00000000d5ab9710) thrown at [C:\src\AOSP-openjdk-git\hotspot\src\share\vm\interpreter\linkResolver.cpp, line 620]
Event: 6.519 Thread 0x000000001a403800 Exception <a 'java/lang/NoSuchMethodError': java.lang.Object.lambda$static$0(Lorg/gradle/internal/state/ModelObject;)Ljava/lang/String;> (0x00000000d7252680) thrown at [C:\src\AOSP-openjdk-git\hotspot\src\share\vm\interpreter\linkResolver.cpp, line 620]
Event: 6.994 Thread 0x000000001a403800 Exception <a 'java/lang/NoSuchMethodError': java.lang.Object.lambda$static$1(Lorg/gradle/internal/snapshot/SnapshotHierarchy$DiffCapturingUpdateFunction;)Lorg/gradle/internal/snapshot/AtomicSnapshotHierarchyReference$UpdateFunction;> (0x00000000d694a358) 
Event: 7.250 Thread 0x000000001a403800 Implicit null exception at 0x00000000037b9a95 to 0x00000000037b9c91
Event: 7.257 Thread 0x000000001a403800 Implicit null exception at 0x00000000036caf6f to 0x00000000036cafd9
Event: 7.273 Thread 0x000000001a403800 Exception <a 'java/lang/NoSuchMethodError': java.lang.Object.lambda$comparing$77a9974f$1(Ljava/util/function/Function;Ljava/lang/Object;Ljava/lang/Object;)I> (0x00000000d59a2280) thrown at [C:\src\AOSP-openjdk-git\hotspot\src\share\vm\interpreter\linkReso
Event: 7.294 Thread 0x000000001a403800 Exception <a 'java/lang/NoSuchMethodError': java.lang.Object.lambda$withReadOnlyCache$0(Ljava/util/function/BiFunction;Lorg/gradle/api/internal/artifacts/ivyservice/ArtifactCacheMetadata;)Ljava/lang/Object;> (0x00000000d5ba16e8) thrown at [C:\src\AOSP-ope
Event: 7.332 Thread 0x000000001a403800 Exception <a 'java/lang/NoSuchMethodError': java.lang.Object.lambda$static$0(Lorg/gradle/api/internal/artifacts/ivyservice/ivyresolve/ModuleComponentRepository;Ljava/lang/String;Lorg/gradle/api/internal/artifacts/configurations/ResolutionStrategyInternal;

Events (10 events):
Event: 7.671 loading class org/gradle/api/Action
Event: 7.671 loading class org/gradle/api/Action done
Event: 7.671 loading class org/gradle/api/internal/artifacts/JavaEcosystemSupport
Event: 7.671 loading class org/gradle/api/internal/artifacts/JavaEcosystemSupport done
Event: 7.672 loading class org/gradle/api/internal/artifacts/JavaEcosystemSupport$UsageCompatibilityRules
Event: 7.672 loading class org/gradle/api/internal/artifacts/JavaEcosystemSupport$UsageCompatibilityRules done
Event: 7.672 loading class org/gradle/api/attributes/AttributeCompatibilityRule
Event: 7.672 loading class org/gradle/api/attributes/AttributeCompatibilityRule done
Event: 7.672 loading class org/gradle/api/internal/attributes/DefaultCompatibilityRuleChain$ExceptionHandler
Event: 7.672 loading class org/gradle/api/internal/attributes/DefaultCompatibilityRuleChain$ExceptionHandler done


Dynamic libraries:
0x00007ff6d2a90000 - 0x00007ff6d2ac1000 	C:\Program Files\Android\Android Studio\jre\bin\java.exe
0x00007ff8cdc20000 - 0x00007ff8cde10000 	C:\WINDOWS\SYSTEM32\ntdll.dll
0x00007ff8cc660000 - 0x00007ff8cc712000 	C:\WINDOWS\System32\KERNEL32.DLL
0x00007ff8cb4d0000 - 0x00007ff8cb775000 	C:\WINDOWS\System32\KERNELBASE.dll
0x00007ff8ccdb0000 - 0x00007ff8cce53000 	C:\WINDOWS\System32\ADVAPI32.dll
0x00007ff8cd800000 - 0x00007ff8cd89e000 	C:\WINDOWS\System32\msvcrt.dll
0x00007ff8cce60000 - 0x00007ff8ccef7000 	C:\WINDOWS\System32\sechost.dll
0x00007ff8cc0b0000 - 0x00007ff8cc1d0000 	C:\WINDOWS\System32\RPCRT4.dll
0x00007ff8cc220000 - 0x00007ff8cc3b4000 	C:\WINDOWS\System32\USER32.dll
0x00007ff8cab90000 - 0x00007ff8cabb1000 	C:\WINDOWS\System32\win32u.dll
0x00007ff8cbfb0000 - 0x00007ff8cbfd6000 	C:\WINDOWS\System32\GDI32.dll
0x00007ff8cbb10000 - 0x00007ff8cbca6000 	C:\WINDOWS\System32\gdi32full.dll
0x00007ff8cb9e0000 - 0x00007ff8cba7e000 	C:\WINDOWS\System32\msvcp_win.dll
0x00007ff8cb350000 - 0x00007ff8cb44a000 	C:\WINDOWS\System32\ucrtbase.dll
0x00007ff8bb220000 - 0x00007ff8bb4a4000 	C:\WINDOWS\WinSxS\amd64_microsoft.windows.common-controls_6595b64144ccf1df_6.0.18362.1256_none_9e7e379be45e40e2\COMCTL32.dll
0x00007ff8cd8a0000 - 0x00007ff8cdbd6000 	C:\WINDOWS\System32\combase.dll
0x00007ff8cba80000 - 0x00007ff8cbb01000 	C:\WINDOWS\System32\bcryptPrimitives.dll
0x00007ff8cc1e0000 - 0x00007ff8cc20e000 	C:\WINDOWS\System32\IMM32.DLL
0x00000000667c0000 - 0x0000000066892000 	C:\Program Files\Android\Android Studio\jre\jre\bin\msvcr100.dll
0x00000000679a0000 - 0x00000000681eb000 	C:\Program Files\Android\Android Studio\jre\jre\bin\server\jvm.dll
0x00007ff8cc210000 - 0x00007ff8cc218000 	C:\WINDOWS\System32\PSAPI.DLL
0x00007ff8bf0f0000 - 0x00007ff8bf114000 	C:\WINDOWS\SYSTEM32\WINMM.dll
0x00007ff8c21c0000 - 0x00007ff8c21ca000 	C:\WINDOWS\SYSTEM32\VERSION.dll
0x00007ff8bda50000 - 0x00007ff8bda7d000 	C:\WINDOWS\SYSTEM32\winmmbase.dll
0x00007ff8cb480000 - 0x00007ff8cb4ca000 	C:\WINDOWS\System32\cfgmgr32.dll
0x00007ff8b9570000 - 0x00007ff8b9579000 	C:\WINDOWS\SYSTEM32\WSOCK32.dll
0x00007ff8cc420000 - 0x00007ff8cc48f000 	C:\WINDOWS\System32\WS2_32.dll
0x00007ff8be5a0000 - 0x00007ff8be5af000 	C:\Program Files\Android\Android Studio\jre\jre\bin\verify.dll
0x00007ff898ea0000 - 0x00007ff898ec9000 	C:\Program Files\Android\Android Studio\jre\jre\bin\java.dll
0x00007ff8bc3f0000 - 0x00007ff8bc406000 	C:\Program Files\Android\Android Studio\jre\jre\bin\zip.dll
0x00007ff8ccf60000 - 0x00007ff8cd647000 	C:\WINDOWS\System32\SHELL32.dll
0x00007ff8cbe30000 - 0x00007ff8cbed9000 	C:\WINDOWS\System32\shcore.dll
0x00007ff8cabc0000 - 0x00007ff8cb341000 	C:\WINDOWS\System32\windows.storage.dll
0x00007ff8cab60000 - 0x00007ff8cab83000 	C:\WINDOWS\System32\profapi.dll
0x00007ff8caad0000 - 0x00007ff8cab1a000 	C:\WINDOWS\System32\powrprof.dll
0x00007ff8caac0000 - 0x00007ff8caad0000 	C:\WINDOWS\System32\UMPDC.dll
0x00007ff8cc5e0000 - 0x00007ff8cc632000 	C:\WINDOWS\System32\shlwapi.dll
0x00007ff8cab40000 - 0x00007ff8cab51000 	C:\WINDOWS\System32\kernel.appcore.dll
0x00007ff8cbcb0000 - 0x00007ff8cbcc7000 	C:\WINDOWS\System32\cryptsp.dll
0x00007ff8bbf20000 - 0x00007ff8bbf3a000 	C:\Program Files\Android\Android Studio\jre\jre\bin\net.dll
0x00007ff8ca310000 - 0x00007ff8ca377000 	C:\WINDOWS\system32\mswsock.dll
0x00007ff8a6450000 - 0x00007ff8a6463000 	C:\Program Files\Android\Android Studio\jre\jre\bin\nio.dll
0x00007ff8be600000 - 0x00007ff8be627000 	C:\Users\mahmooda\.gradle\native\f6784746aeab05261644944871eae4fe03e0ef1612fff0a4a95f87b438bc6780\windows-amd64\native-platform.dll
0x00007ff8be240000 - 0x00007ff8be24d000 	C:\Program Files\Android\Android Studio\jre\jre\bin\management.dll
0x00007ff8c9c10000 - 0x00007ff8c9c43000 	C:\WINDOWS\system32\rsaenh.dll
0x00007ff8cb450000 - 0x00007ff8cb476000 	C:\WINDOWS\System32\bcrypt.dll
0x00007ff8ca9a0000 - 0x00007ff8ca9c5000 	C:\WINDOWS\SYSTEM32\USERENV.dll
0x00007ff8ca4e0000 - 0x00007ff8ca4ec000 	C:\WINDOWS\SYSTEM32\CRYPTBASE.dll
0x00007ff8ca020000 - 0x00007ff8ca05a000 	C:\WINDOWS\SYSTEM32\IPHLPAPI.DLL
0x00007ff8cc1d0000 - 0x00007ff8cc1d8000 	C:\WINDOWS\System32\NSI.dll
0x00007ff8c3d50000 - 0x00007ff8c3d66000 	C:\WINDOWS\SYSTEM32\dhcpcsvc6.DLL
0x00007ff8c3cf0000 - 0x00007ff8c3d0c000 	C:\WINDOWS\SYSTEM32\dhcpcsvc.DLL
0x00007ff8ca060000 - 0x00007ff8ca12b000 	C:\WINDOWS\SYSTEM32\DNSAPI.dll
0x00007ff8c3e70000 - 0x00007ff8c3e7b000 	C:\WINDOWS\SYSTEM32\WINNSI.DLL

VM Arguments:
jvm_args: -Xmx2048m -Dfile.encoding=UTF-8 -Duser.country=US -Duser.language=en -Duser.variant 
java_command: org.gradle.launcher.daemon.bootstrap.GradleDaemon 6.5
java_class_path (initial): C:\Users\mahmooda\.gradle\wrapper\dists\gradle-6.5-bin\6nifqtx7604sqp1q6g8wikw7p\gradle-6.5\lib\gradle-launcher-6.5.jar
Launcher Type: SUN_STANDARD

Environment Variables:
JAVA_HOME=C:\Program Files\Java\jdk-14.0.2\bin
CLASSPATH=.;C:\Program Files (x86)\QuickTime\QTSystem\QTJava.zip
PATH=C:\Python38\Scripts\;C:\Python38\;C:\Program Files (x86)\PerkinElmerInformatics\ChemOffice2017\ChemScript\Lib;C:\Program Files (x86)\Common Files\Oracle\Java\javapath;C:\WINDOWS\system32;C:\WINDOWS;C:\WINDOWS\System32\Wbem;C:\WINDOWS\System32\WindowsPowerShell\v1.0\;C:\WINDOWS\System32\OpenSSH\;C:\Program Files (x86)\QuickTime\QTSystem\;C:\ProgramData\chocolatey\bin;C:\Program Files\Git\cmd;C:\Program Files\Java\jdk1.8.0_241;C:\Program Files\Java\jre1.8.0_191\bin;C:\Program Files\Java\jre1.8.0_241\bin;C:\Program Files\nodejs\;C:\Program Files\Java\jdk-14.0.2\bin;C:\MinGW\bin;C:\Users\mahmooda\AppData\Local\Programs\Python\Python38-32\Scripts\;C:\Users\mahmooda\AppData\Local\Programs\Python\Python38-32\;C:\Users\mahmooda\AppData\Local\Microsoft\WindowsApps;C:\Program Files\JetBrains\PyCharm Community Edition 2019.2.2\bin;C:\Users\mahmooda\AppData\Local\Programs\Microsoft VS Code\bin;C:\Program Files\JetBrains\PyCharm Community Edition 2019.3\bin;C:\Users\mahmooda\AppData\Local\atom\bin;C:\Program Files\JetBrains\IntelliJ IDEA 2020.1.2\bin;;C:\Users\mahmooda\AppData\Roaming\npm;C:\Program Files (x86)\mingw-w64\i686-8.1.0-posix-dwarf-rt_v6-rev0\mingw32\bin;
USERNAME=mahmooda
OS=Windows_NT
PROCESSOR_IDENTIFIER=Intel64 Family 6 Model 142 Stepping 10, GenuineIntel



---------------  S Y S T E M  ---------------

OS: Windows 10.0 , 64 bit Build 18362 (10.0.18362.1110)

CPU:total 8 (initial active 8) (4 cores per cpu, 2 threads per core) family 6 model 142 stepping 10, cmov, cx8, fxsr, mmx, sse, sse2, sse3, ssse3, sse4.1, sse4.2, popcnt, avx, avx2, aes, clmul, erms, rtm, 3dnowpref, lzcnt, ht, tsc, tscinvbit, bmi1, bmi2, adx

Memory: 4k page, physical 8246228k(49628k free), swap 33411920k(5752k free)

vm_info: OpenJDK 64-Bit Server VM (25.242-b01) for windows-amd64 JRE (1.8.0_242-release-1644-b01), built by "builder" with MS VC++ 10.0 (VS2010)

time: Tue Jan 05 16:04:55 2021
timezone: Eastern Standard Time
elapsed time: 7 seconds (0d 0h 0m 7s)

