#
# There is insufficient memory for the Java Runtime Environment to continue.
# Native memory allocation (malloc) failed to allocate 32744 bytes for ChunkPool::allocate
# Possible reasons:
#   The system is out of physical RAM or swap space
#   The process is running with CompressedOops enabled, and the Java Heap may be blocking the growth of the native heap
# Possible solutions:
#   Reduce memory load on the system
#   Increase physical memory or swap space
#   Check if swap backing store is full
#   Decrease Java heap size (-Xmx/-Xms)
#   Decrease number of Java threads
#   Decrease Java thread stack sizes (-Xss)
#   Set larger code cache with -XX:ReservedCodeCacheSize=
#   JVM is running with Unscaled Compressed Oops mode in which the Java heap is
#     placed in the first 4GB address space. The Java Heap base address is the
#     maximum limit for the native heap growth. Please use -XX:HeapBaseMinAddress
#     to set the Java Heap base and to place the Java Heap above 4GB virtual address.
# This output file may be truncated or incomplete.
#
#  Out of Memory Error (allocation.cpp:272), pid=42608, tid=0x0000000000009ff4
#
# JRE version: OpenJDK Runtime Environment (8.0_242-b01) (build 1.8.0_242-release-1644-b01)
# Java VM: OpenJDK 64-Bit Server VM (25.242-b01 mixed mode windows-amd64 compressed oops)
# Failed to write core dump. Minidumps are not enabled by default on client versions of Windows
#

---------------  T H R E A D  ---------------

Current thread (0x000000001a071800):  JavaThread "C2 CompilerThread0" daemon [_thread_in_native, id=40948, stack(0x000000001a940000,0x000000001aa40000)]

Stack: [0x000000001a940000,0x000000001aa40000]
[error occurred during error reporting (printing stack bounds), id 0xc0000005]

Native frames: (J=compiled Java code, j=interpreted, Vv=VM code, C=native code)


Current CompileTask:
C2:   5845 3528 %     4       sun.nio.fs.WindowsPathParser::normalize @ 18 (233 bytes)


---------------  P R O C E S S  ---------------

Java Threads: ( => current thread )
  0x0000000020391800 JavaThread "jar transforms Thread 81" [_thread_in_Java, id=8556, stack(0x00000000295a0000,0x00000000296a0000)]
  0x000000001b662000 JavaThread "jar transforms Thread 80" [_thread_blocked, id=33188, stack(0x00000000294a0000,0x00000000295a0000)]
  0x000000001b661800 JavaThread "jar transforms Thread 79" [_thread_blocked, id=35432, stack(0x00000000293a0000,0x00000000294a0000)]
  0x000000001b660800 JavaThread "jar transforms Thread 78" [_thread_blocked, id=41892, stack(0x00000000292a0000,0x00000000293a0000)]
  0x000000001b659000 JavaThread "jar transforms Thread 77" [_thread_blocked, id=35716, stack(0x00000000291a0000,0x00000000292a0000)]
  0x000000001b660000 JavaThread "jar transforms Thread 76" [_thread_blocked, id=42284, stack(0x00000000290a0000,0x00000000291a0000)]
  0x000000001b658800 JavaThread "jar transforms Thread 75" [_thread_blocked, id=45540, stack(0x0000000028fa0000,0x00000000290a0000)]
  0x000000001b65f000 JavaThread "jar transforms Thread 74" [_thread_blocked, id=6496, stack(0x0000000028ea0000,0x0000000028fa0000)]
  0x000000001b65e800 JavaThread "jar transforms Thread 73" [_thread_blocked, id=17976, stack(0x0000000028da0000,0x0000000028ea0000)]
  0x000000001b657800 JavaThread "jar transforms Thread 72" [_thread_blocked, id=39848, stack(0x0000000028ca0000,0x0000000028da0000)]
  0x000000001b65d800 JavaThread "jar transforms Thread 71" [_thread_blocked, id=45308, stack(0x0000000028ba0000,0x0000000028ca0000)]
  0x000000001b65a000 JavaThread "jar transforms Thread 70" [_thread_blocked, id=46452, stack(0x0000000028aa0000,0x0000000028ba0000)]
  0x000000001b657000 JavaThread "jar transforms Thread 69" [_thread_blocked, id=28776, stack(0x00000000289a0000,0x0000000028aa0000)]
  0x000000001b65a800 JavaThread "jar transforms Thread 68" [_thread_blocked, id=14428, stack(0x00000000288a0000,0x00000000289a0000)]
  0x000000001b656000 JavaThread "jar transforms Thread 67" [_thread_blocked, id=1832, stack(0x00000000287a0000,0x00000000288a0000)]
  0x000000001b65d000 JavaThread "jar transforms Thread 66" [_thread_blocked, id=30668, stack(0x00000000286a0000,0x00000000287a0000)]
  0x000000001b65c000 JavaThread "jar transforms Thread 65" [_thread_blocked, id=45908, stack(0x00000000285a0000,0x00000000286a0000)]
  0x000000001b65b800 JavaThread "jar transforms Thread 64" [_thread_blocked, id=14208, stack(0x00000000284a0000,0x00000000285a0000)]
  0x000000001b653800 JavaThread "jar transforms Thread 63" [_thread_blocked, id=33092, stack(0x00000000283a0000,0x00000000284a0000)]
  0x000000001b654800 JavaThread "jar transforms Thread 62" [_thread_blocked, id=16424, stack(0x00000000282a0000,0x00000000283a0000)]
  0x000000001b655800 JavaThread "jar transforms Thread 61" [_thread_blocked, id=30508, stack(0x00000000281a0000,0x00000000282a0000)]
  0x000000001b653000 JavaThread "jar transforms Thread 60" [_thread_blocked, id=44464, stack(0x00000000280a0000,0x00000000281a0000)]
  0x000000001be91800 JavaThread "jar transforms Thread 59" [_thread_blocked, id=45288, stack(0x0000000027fa0000,0x00000000280a0000)]
  0x000000001be93800 JavaThread "jar transforms Thread 58" [_thread_blocked, id=28100, stack(0x0000000027ea0000,0x0000000027fa0000)]
  0x000000001be90000 JavaThread "jar transforms Thread 57" [_thread_blocked, id=11412, stack(0x0000000027da0000,0x0000000027ea0000)]
  0x000000001be8f000 JavaThread "jar transforms Thread 56" [_thread_blocked, id=44776, stack(0x0000000027ca0000,0x0000000027da0000)]
  0x000000001be92000 JavaThread "jar transforms Thread 55" [_thread_blocked, id=44904, stack(0x0000000027ba0000,0x0000000027ca0000)]
  0x000000001be95000 JavaThread "jar transforms Thread 54" [_thread_blocked, id=26240, stack(0x0000000027aa0000,0x0000000027ba0000)]
  0x000000001be90800 JavaThread "jar transforms Thread 53" [_thread_blocked, id=44660, stack(0x00000000279a0000,0x0000000027aa0000)]
  0x000000001be94800 JavaThread "jar transforms Thread 52" [_thread_blocked, id=46684, stack(0x00000000278a0000,0x00000000279a0000)]
  0x000000001be93000 JavaThread "jar transforms Thread 51" [_thread_blocked, id=46936, stack(0x00000000277a0000,0x00000000278a0000)]
  0x000000001be87800 JavaThread "jar transforms Thread 50" [_thread_blocked, id=44204, stack(0x00000000276a0000,0x00000000277a0000)]
  0x000000001be8e800 JavaThread "jar transforms Thread 49" [_thread_blocked, id=45128, stack(0x00000000275a0000,0x00000000276a0000)]
  0x000000001be8d800 JavaThread "jar transforms Thread 48" [_thread_blocked, id=36232, stack(0x00000000274a0000,0x00000000275a0000)]
  0x000000001be86000 JavaThread "jar transforms Thread 47" [_thread_blocked, id=44484, stack(0x00000000273a0000,0x00000000274a0000)]
  0x000000001be8d000 JavaThread "jar transforms Thread 46" [_thread_blocked, id=46784, stack(0x00000000272a0000,0x00000000273a0000)]
  0x000000001be8c000 JavaThread "jar transforms Thread 45" [_thread_blocked, id=42972, stack(0x00000000271a0000,0x00000000272a0000)]
  0x000000001be89000 JavaThread "jar transforms Thread 44" [_thread_blocked, id=4420, stack(0x00000000270a0000,0x00000000271a0000)]
  0x000000001be8b800 JavaThread "jar transforms Thread 43" [_thread_blocked, id=46076, stack(0x0000000026fa0000,0x00000000270a0000)]
  0x000000001be8a800 JavaThread "jar transforms Thread 42" [_thread_blocked, id=30700, stack(0x0000000026ea0000,0x0000000026fa0000)]
  0x000000001be88800 JavaThread "jar transforms Thread 41" [_thread_blocked, id=46528, stack(0x0000000026da0000,0x0000000026ea0000)]
  0x000000001be87000 JavaThread "jar transforms Thread 40" [_thread_blocked, id=34764, stack(0x0000000026ca0000,0x0000000026da0000)]
  0x000000001be8a000 JavaThread "jar transforms Thread 39" [_thread_blocked, id=14016, stack(0x0000000026ba0000,0x0000000026ca0000)]
  0x000000001f8b3800 JavaThread "jar transforms Thread 38" [_thread_blocked, id=44252, stack(0x0000000026aa0000,0x0000000026ba0000)]
  0x000000001f8b2800 JavaThread "jar transforms Thread 37" [_thread_blocked, id=46984, stack(0x00000000269a0000,0x0000000026aa0000)]
  0x000000001f8b2000 JavaThread "jar transforms Thread 36" [_thread_blocked, id=24228, stack(0x00000000268a0000,0x00000000269a0000)]
  0x000000001f8b1000 JavaThread "jar transforms Thread 35" [_thread_blocked, id=39872, stack(0x00000000267a0000,0x00000000268a0000)]
  0x000000001f8b0800 JavaThread "jar transforms Thread 34" [_thread_blocked, id=33020, stack(0x00000000266a0000,0x00000000267a0000)]
  0x000000001f8a9000 JavaThread "jar transforms Thread 33" [_thread_blocked, id=46768, stack(0x00000000265a0000,0x00000000266a0000)]
  0x000000001f8af800 JavaThread "jar transforms Thread 32" [_thread_blocked, id=45280, stack(0x00000000264a0000,0x00000000265a0000)]
  0x000000001f8a9800 JavaThread "jar transforms Thread 31" [_thread_blocked, id=42892, stack(0x00000000263a0000,0x00000000264a0000)]
  0x000000001f8a8000 JavaThread "jar transforms Thread 30" [_thread_blocked, id=28220, stack(0x00000000262a0000,0x00000000263a0000)]
  0x000000001f8af000 JavaThread "jar transforms Thread 29" [_thread_blocked, id=30120, stack(0x00000000261a0000,0x00000000262a0000)]
  0x000000001f8a7800 JavaThread "jar transforms Thread 28" [_thread_blocked, id=45904, stack(0x00000000260a0000,0x00000000261a0000)]
  0x000000001f8ae000 JavaThread "jar transforms Thread 27" [_thread_blocked, id=46880, stack(0x0000000025fa0000,0x00000000260a0000)]
  0x000000001f8ad800 JavaThread "jar transforms Thread 26" [_thread_blocked, id=35588, stack(0x0000000025ea0000,0x0000000025fa0000)]
  0x000000001f8ac800 JavaThread "jar transforms Thread 25" [_thread_blocked, id=35416, stack(0x0000000025da0000,0x0000000025ea0000)]
  0x000000001f8ac000 JavaThread "jar transforms Thread 24" [_thread_blocked, id=45668, stack(0x0000000025ca0000,0x0000000025da0000)]
  0x000000001f8aa800 JavaThread "jar transforms Thread 23" [_thread_blocked, id=40932, stack(0x0000000025ba0000,0x0000000025ca0000)]
  0x000000001f8a4800 JavaThread "jar transforms Thread 22" [_thread_blocked, id=46720, stack(0x0000000025aa0000,0x0000000025ba0000)]
  0x000000001f8a6000 JavaThread "jar transforms Thread 21" [_thread_blocked, id=26256, stack(0x00000000259a0000,0x0000000025aa0000)]
  0x000000001f8a6800 JavaThread "jar transforms Thread 20" [_thread_blocked, id=44800, stack(0x00000000258a0000,0x00000000259a0000)]
  0x000000001f8a5000 JavaThread "jar transforms Thread 19" [_thread_blocked, id=27260, stack(0x00000000257a0000,0x00000000258a0000)]
  0x000000001f8ab000 JavaThread "jar transforms Thread 18" [_thread_blocked, id=43100, stack(0x00000000256a0000,0x00000000257a0000)]
  0x000000001c511000 JavaThread "jar transforms Thread 17" [_thread_blocked, id=45724, stack(0x00000000255a0000,0x00000000256a0000)]
  0x000000001c50d000 JavaThread "jar transforms Thread 16" [_thread_blocked, id=29252, stack(0x00000000244b0000,0x00000000245b0000)]
  0x000000001c50f000 JavaThread "jar transforms Thread 15" [_thread_blocked, id=47000, stack(0x0000000025320000,0x0000000025420000)]
  0x000000001c50e000 JavaThread "jar transforms Thread 14" [_thread_blocked, id=44052, stack(0x0000000025220000,0x0000000025320000)]
  0x000000001c514000 JavaThread "jar transforms Thread 13" [_thread_blocked, id=34756, stack(0x0000000025120000,0x0000000025220000)]
  0x000000001c510800 JavaThread "jar transforms Thread 12" [_thread_blocked, id=40988, stack(0x0000000025020000,0x0000000025120000)]
  0x000000001c512800 JavaThread "jar transforms Thread 11" [_thread_in_Java, id=46276, stack(0x0000000024f20000,0x0000000025020000)]
  0x000000001c513800 JavaThread "jar transforms Thread 10" [_thread_blocked, id=27684, stack(0x0000000024e20000,0x0000000024f20000)]
  0x000000001c50f800 JavaThread "jar transforms Thread 9" [_thread_blocked, id=40972, stack(0x0000000024d20000,0x0000000024e20000)]
  0x000000001c512000 JavaThread "jar transforms Thread 8" [_thread_blocked, id=44336, stack(0x0000000024c20000,0x0000000024d20000)]
  0x000000001b1e1000 JavaThread "jar transforms Thread 7" [_thread_blocked, id=44028, stack(0x0000000024b20000,0x0000000024c20000)]
  0x000000001b1e1800 JavaThread "jar transforms Thread 6" [_thread_blocked, id=46748, stack(0x0000000024a20000,0x0000000024b20000)]
  0x000000001b1e2800 JavaThread "jar transforms Thread 5" [_thread_blocked, id=37100, stack(0x0000000024920000,0x0000000024a20000)]
  0x000000001b1df800 JavaThread "jar transforms Thread 4" [_thread_blocked, id=37588, stack(0x0000000024820000,0x0000000024920000)]
  0x000000001b1e0000 JavaThread "jar transforms Thread 3" [_thread_blocked, id=39052, stack(0x0000000024720000,0x0000000024820000)]
  0x000000001b1de800 JavaThread "jar transforms Thread 2" [_thread_blocked, id=45960, stack(0x0000000024620000,0x0000000024720000)]
  0x000000001b1d7000 JavaThread "Build operations Thread 8" [_thread_blocked, id=44084, stack(0x0000000024190000,0x0000000024290000)]
  0x000000001b1dc800 JavaThread "Build operations Thread 7" [_thread_blocked, id=46004, stack(0x0000000024090000,0x0000000024190000)]
  0x000000001b1de000 JavaThread "Build operations Thread 6" [_thread_blocked, id=46848, stack(0x0000000023f90000,0x0000000024090000)]
  0x000000001b1dd000 JavaThread "Build operations Thread 5" [_thread_blocked, id=42596, stack(0x0000000023e90000,0x0000000023f90000)]
  0x000000001b1db800 JavaThread "Build operations Thread 4" [_thread_blocked, id=44488, stack(0x0000000023d90000,0x0000000023e90000)]
  0x000000001b1d5000 JavaThread "Build operations Thread 3" [_thread_blocked, id=40856, stack(0x0000000023c90000,0x0000000023d90000)]
  0x000000001b1db000 JavaThread "Build operations Thread 2" [_thread_blocked, id=45460, stack(0x0000000023b90000,0x0000000023c90000)]
  0x000000001b1d3800 JavaThread "Build operations" [_thread_blocked, id=46668, stack(0x0000000023a90000,0x0000000023b90000)]
  0x000000001b1d5800 JavaThread "Cache worker for file content cache (C:\Users\mahmooda\.gradle\caches\6.5\fileContent)" [_thread_blocked, id=38756, stack(0x0000000023390000,0x0000000023490000)]
  0x000000001b1d8000 JavaThread "jar transforms" [_thread_blocked, id=37968, stack(0x0000000023290000,0x0000000023390000)]
  0x000000001a078000 JavaThread "Cache worker for execution history cache (C:\Users\mahmooda\.gradle\caches\6.5\executionHistory)" [_thread_blocked, id=46616, stack(0x0000000022b90000,0x0000000022c90000)]
  0x000000001a079800 JavaThread "Cache worker for cache directory md-rule (C:\Users\mahmooda\.gradle\caches\6.5\md-rule)" [_thread_blocked, id=37752, stack(0x0000000022a90000,0x0000000022b90000)]
  0x000000001a079000 JavaThread "Cache worker for cache directory md-supplier (C:\Users\mahmooda\.gradle\caches\6.5\md-supplier)" [_thread_blocked, id=11828, stack(0x0000000021740000,0x0000000021840000)]
  0x000000001a07e000 JavaThread "Cache worker for checksums cache (C:\Users\mahmooda\AndroidStudioProjects\Carehub\.gradle\checksums)" [_thread_blocked, id=33492, stack(0x0000000021640000,0x0000000021740000)]
  0x000000001a077800 JavaThread "Cache worker for file hash cache (C:\Users\mahmooda\AndroidStudioProjects\Carehub\.gradle\6.5\fileHashes)" [_thread_blocked, id=40928, stack(0x000000001f160000,0x000000001f260000)]
  0x000000001a07c800 JavaThread "Cache worker for file hash cache (C:\Users\mahmooda\.gradle\caches\6.5\fileHashes)" [_thread_blocked, id=8104, stack(0x000000001f060000,0x000000001f160000)]
  0x000000001a07c000 JavaThread "File lock request listener" [_thread_in_native, id=44340, stack(0x000000001ef60000,0x000000001f060000)]
  0x000000001cb88800 JavaThread "Cache worker for journal cache (C:\Users\mahmooda\.gradle\caches\journal-1)" [_thread_blocked, id=46664, stack(0x000000001ee60000,0x000000001ef60000)]
  0x000000001b2bc800 JavaThread "Thread-9" [_thread_blocked, id=45340, stack(0x000000001eb60000,0x000000001ec60000)]
  0x000000001b2b7800 JavaThread "Stdin handler" [_thread_blocked, id=25380, stack(0x000000001ea60000,0x000000001eb60000)]
  0x000000001b148800 JavaThread "Asynchronous log dispatcher for DefaultDaemonConnection: socket connection from /127.0.0.1:62424 to /127.0.0.1:62425" [_thread_blocked, id=42024, stack(0x000000001e960000,0x000000001ea60000)]
  0x000000001b2a6000 JavaThread "Daemon worker" [_thread_in_vm, id=45216, stack(0x000000001e860000,0x000000001e960000)]
  0x000000001b2a3000 JavaThread "Cancel handler" [_thread_blocked, id=17840, stack(0x000000001e660000,0x000000001e760000)]
  0x000000001c9b3000 JavaThread "Handler for socket connection from /127.0.0.1:62424 to /127.0.0.1:62425" [_thread_in_native, id=45660, stack(0x000000001e560000,0x000000001e660000)]
  0x000000001c9ba800 JavaThread "Daemon" [_thread_blocked, id=44400, stack(0x000000001e460000,0x000000001e560000)]
  0x000000001c9b6000 JavaThread "Daemon periodic checks" [_thread_blocked, id=21736, stack(0x000000001e160000,0x000000001e260000)]
  0x000000001c99f000 JavaThread "Incoming local TCP Connector on port 62424" [_thread_in_native, id=45344, stack(0x000000001df20000,0x000000001e020000)]
  0x000000001a1ad800 JavaThread "Daemon health stats" [_thread_blocked, id=18592, stack(0x000000001d8e0000,0x000000001d9e0000)]
  0x000000001a10e800 JavaThread "Service Thread" daemon [_thread_blocked, id=41684, stack(0x000000001ad40000,0x000000001ae40000)]
  0x000000001a07b000 JavaThread "C1 CompilerThread3" daemon [_thread_in_native, id=46952, stack(0x000000001ac40000,0x000000001ad40000)]
  0x000000001a07a800 JavaThread "C2 CompilerThread2" daemon [_thread_blocked, id=18644, stack(0x000000001ab40000,0x000000001ac40000)]
  0x000000001a07d800 JavaThread "C2 CompilerThread1" daemon [_thread_in_native, id=7236, stack(0x000000001aa40000,0x000000001ab40000)]
=>0x000000001a071800 JavaThread "C2 CompilerThread0" daemon [_thread_in_native, id=40948, stack(0x000000001a940000,0x000000001aa40000)]
  0x000000001a070000 JavaThread "Attach Listener" daemon [_thread_blocked, id=4416, stack(0x000000001a840000,0x000000001a940000)]
  0x000000001a06f000 JavaThread "Signal Dispatcher" daemon [_thread_blocked, id=43756, stack(0x000000001a740000,0x000000001a840000)]
  0x000000001a061000 JavaThread "Finalizer" daemon [_thread_blocked, id=42020, stack(0x000000001a540000,0x000000001a640000)]
  0x00000000031c7000 JavaThread "Reference Handler" daemon [_thread_blocked, id=46724, stack(0x000000001a440000,0x000000001a540000)]
  0x00000000030d2800 JavaThread "main" [_thread_blocked, id=45112, stack(0x0000000002f00000,0x0000000003000000)]

Other Threads:
  0x0000000018236800 VMThread [stack: 0x0000000019f40000,0x000000001a040000] [id=36980]
  0x000000001a10f800 WatcherThread [stack: 0x000000001ae40000,0x000000001af40000] [id=28844]

VM state:not at safepoint (normal execution)

VM Mutex/Monitor currently owned by a thread: None

heap address: 0x0000000080000000, size: 2048 MB, Compressed Oops mode: 32-bit
Narrow klass base: 0x0000000000000000, Narrow klass shift: 3
Compressed class space size: 1073741824 Address: 0x0000000100000000

Heap:
 PSYoungGen      total 137216K, used 83244K [0x00000000d5580000, 0x00000000e1580000, 0x0000000100000000)
  eden space 125952K, 66% used [0x00000000d5580000,0x00000000da6cb058,0x00000000dd080000)
  from space 11264K, 0% used [0x00000000dd080000,0x00000000dd080000,0x00000000ddb80000)
  to   space 12800K, 0% used [0x00000000e0900000,0x00000000e0900000,0x00000000e1580000)
 ParOldGen       total 74752K, used 17379K [0x0000000080000000, 0x0000000084900000, 0x00000000d5580000)
  object space 74752K, 23% used [0x0000000080000000,0x00000000810f8d50,0x0000000084900000)
 Metaspace       used 36259K, capacity 37734K, committed 37928K, reserved 1081344K
  class space    used 4992K, capacity 5304K, committed 5424K, reserved 1048576K

Card table byte_map: [0x0000000012590000,0x00000000129a0000] byte_map_base: 0x0000000012190000

Marking Bits: (ParMarkBitMap*) 0x000000006816f030
 Begin Bits: [0x0000000013450000, 0x0000000015450000)
 End Bits:   [0x0000000015450000, 0x0000000017450000)

Polling page: 0x0000000001120000

CodeCache: size=245760Kb used=12097Kb max_used=12108Kb free=233662Kb
 bounds [0x00000000031d0000, 0x0000000003db0000, 0x00000000121d0000]
 total_blobs=4198 nmethods=3497 adapters=613
 compilation: enabled

Compilation events (10 events):
Event: 5.835 Thread 0x000000001a07b000 nmethod 3527 0x0000000003da09d0 code [0x0000000003da0bc0, 0x0000000003da1548]
Event: 5.835 Thread 0x000000001a071800 3528 %     4       sun.nio.fs.WindowsPathParser::normalize @ 18 (233 bytes)
Event: 5.835 Thread 0x000000001a07a800 3529       4       org.gradle.internal.snapshot.PathUtil::compareCharsIgnoringCase (46 bytes)
Event: 5.836 Thread 0x000000001a07b000 3530       3       java.util.Optional::map (30 bytes)
Event: 5.837 Thread 0x000000001a07b000 nmethod 3530 0x0000000003da2ed0 code [0x0000000003da30c0, 0x0000000003da3a08]
Event: 5.838 Thread 0x000000001a07b000 3531       3       org.gradle.internal.snapshot.SearchUtil::binarySearch (160 bytes)
Event: 5.838 Thread 0x000000001a07a800 nmethod 3529 0x0000000003d9ff50 code [0x0000000003da00a0, 0x0000000003da03f8]
Event: 5.839 Thread 0x000000001a07b000 nmethod 3531 0x0000000003da6250 code [0x0000000003da6420, 0x0000000003da6ba8]
Event: 5.840 Thread 0x000000001a07b000 3532       3       java.util.regex.Pattern::clazz (405 bytes)
Event: 5.840 Thread 0x000000001a07a800 3533       4       java.util.regex.Pattern$CharProperty::match (56 bytes)

GC Heap History (10 events):
Event: 3.706 GC heap before
{Heap before GC invocations=7 (full 0):
 PSYoungGen      total 74240K, used 14066K [0x00000000d5580000, 0x00000000daa80000, 0x0000000100000000)
  eden space 64512K, 8% used [0x00000000d5580000,0x00000000d5aa5a60,0x00000000d9480000)
  from space 9728K, 90% used [0x00000000d9f00000,0x00000000da796ef0,0x00000000da880000)
  to   space 10752K, 0% used [0x00000000d9480000,0x00000000d9480000,0x00000000d9f00000)
 ParOldGen       total 86016K, used 6127K [0x0000000080000000, 0x0000000085400000, 0x00000000d5580000)
  object space 86016K, 7% used [0x0000000080000000,0x00000000805fbf30,0x0000000085400000)
 Metaspace       used 20558K, capacity 21208K, committed 21296K, reserved 1067008K
  class space    used 2872K, capacity 3076K, committed 3120K, reserved 1048576K
Event: 3.714 GC heap after
Heap after GC invocations=7 (full 0):
 PSYoungGen      total 75264K, used 3860K [0x00000000d5580000, 0x00000000de880000, 0x0000000100000000)
  eden space 64512K, 0% used [0x00000000d5580000,0x00000000d5580000,0x00000000d9480000)
  from space 10752K, 35% used [0x00000000d9480000,0x00000000d9845040,0x00000000d9f00000)
  to   space 10752K, 0% used [0x00000000dde00000,0x00000000dde00000,0x00000000de880000)
 ParOldGen       total 86016K, used 8523K [0x0000000080000000, 0x0000000085400000, 0x00000000d5580000)
  object space 86016K, 9% used [0x0000000080000000,0x0000000080852f90,0x0000000085400000)
 Metaspace       used 20558K, capacity 21208K, committed 21296K, reserved 1067008K
  class space    used 2872K, capacity 3076K, committed 3120K, reserved 1048576K
}
Event: 3.715 GC heap before
{Heap before GC invocations=8 (full 1):
 PSYoungGen      total 75264K, used 3860K [0x00000000d5580000, 0x00000000de880000, 0x0000000100000000)
  eden space 64512K, 0% used [0x00000000d5580000,0x00000000d5580000,0x00000000d9480000)
  from space 10752K, 35% used [0x00000000d9480000,0x00000000d9845040,0x00000000d9f00000)
  to   space 10752K, 0% used [0x00000000dde00000,0x00000000dde00000,0x00000000de880000)
 ParOldGen       total 86016K, used 8523K [0x0000000080000000, 0x0000000085400000, 0x00000000d5580000)
  object space 86016K, 9% used [0x0000000080000000,0x0000000080852f90,0x0000000085400000)
 Metaspace       used 20558K, capacity 21208K, committed 21296K, reserved 1067008K
  class space    used 2872K, capacity 3076K, committed 3120K, reserved 1048576K
Event: 3.764 GC heap after
Heap after GC invocations=8 (full 1):
 PSYoungGen      total 75264K, used 0K [0x00000000d5580000, 0x00000000de880000, 0x0000000100000000)
  eden space 64512K, 0% used [0x00000000d5580000,0x00000000d5580000,0x00000000d9480000)
  from space 10752K, 0% used [0x00000000d9480000,0x00000000d9480000,0x00000000d9f00000)
  to   space 10752K, 0% used [0x00000000dde00000,0x00000000dde00000,0x00000000de880000)
 ParOldGen       total 49152K, used 6802K [0x0000000080000000, 0x0000000083000000, 0x00000000d5580000)
  object space 49152K, 13% used [0x0000000080000000,0x00000000806a4968,0x0000000083000000)
 Metaspace       used 20558K, capacity 21208K, committed 21296K, reserved 1067008K
  class space    used 2872K, capacity 3076K, committed 3120K, reserved 1048576K
}
Event: 4.410 GC heap before
{Heap before GC invocations=9 (full 1):
 PSYoungGen      total 75264K, used 64512K [0x00000000d5580000, 0x00000000de880000, 0x0000000100000000)
  eden space 64512K, 100% used [0x00000000d5580000,0x00000000d9480000,0x00000000d9480000)
  from space 10752K, 0% used [0x00000000d9480000,0x00000000d9480000,0x00000000d9f00000)
  to   space 10752K, 0% used [0x00000000dde00000,0x00000000dde00000,0x00000000de880000)
 ParOldGen       total 49152K, used 6802K [0x0000000080000000, 0x0000000083000000, 0x00000000d5580000)
  object space 49152K, 13% used [0x0000000080000000,0x00000000806a4968,0x0000000083000000)
 Metaspace       used 28595K, capacity 29428K, committed 29616K, reserved 1075200K
  class space    used 3965K, capacity 4188K, committed 4272K, reserved 1048576K
Event: 4.419 GC heap after
Heap after GC invocations=9 (full 1):
 PSYoungGen      total 125440K, used 8320K [0x00000000d5580000, 0x00000000de680000, 0x0000000100000000)
  eden space 116736K, 0% used [0x00000000d5580000,0x00000000d5580000,0x00000000dc780000)
  from space 8704K, 95% used [0x00000000dde00000,0x00000000de620380,0x00000000de680000)
  to   space 11264K, 0% used [0x00000000dd080000,0x00000000dd080000,0x00000000ddb80000)
 ParOldGen       total 49152K, used 6810K [0x0000000080000000, 0x0000000083000000, 0x00000000d5580000)
  object space 49152K, 13% used [0x0000000080000000,0x00000000806a6968,0x0000000083000000)
 Metaspace       used 28595K, capacity 29428K, committed 29616K, reserved 1075200K
  class space    used 3965K, capacity 4188K, committed 4272K, reserved 1048576K
}
Event: 5.165 GC heap before
{Heap before GC invocations=10 (full 1):
 PSYoungGen      total 125440K, used 102862K [0x00000000d5580000, 0x00000000de680000, 0x0000000100000000)
  eden space 116736K, 80% used [0x00000000d5580000,0x00000000db1d3680,0x00000000dc780000)
  from space 8704K, 95% used [0x00000000dde00000,0x00000000de620380,0x00000000de680000)
  to   space 11264K, 0% used [0x00000000dd080000,0x00000000dd080000,0x00000000ddb80000)
 ParOldGen       total 49152K, used 6810K [0x0000000080000000, 0x0000000083000000, 0x00000000d5580000)
  object space 49152K, 13% used [0x0000000080000000,0x00000000806a6968,0x0000000083000000)
 Metaspace       used 34271K, capacity 35398K, committed 35496K, reserved 1079296K
  class space    used 4722K, capacity 5002K, committed 5040K, reserved 1048576K
Event: 5.178 GC heap after
Heap after GC invocations=10 (full 1):
 PSYoungGen      total 137216K, used 11234K [0x00000000d5580000, 0x00000000e1580000, 0x0000000100000000)
  eden space 125952K, 0% used [0x00000000d5580000,0x00000000d5580000,0x00000000dd080000)
  from space 11264K, 99% used [0x00000000dd080000,0x00000000ddb78a40,0x00000000ddb80000)
  to   space 12800K, 0% used [0x00000000e0900000,0x00000000e0900000,0x00000000e1580000)
 ParOldGen       total 49152K, used 6849K [0x0000000080000000, 0x0000000083000000, 0x00000000d5580000)
  object space 49152K, 13% used [0x0000000080000000,0x00000000806b0448,0x0000000083000000)
 Metaspace       used 34271K, capacity 35398K, committed 35496K, reserved 1079296K
  class space    used 4722K, capacity 5002K, committed 5040K, reserved 1048576K
}
Event: 5.178 GC heap before
{Heap before GC invocations=11 (full 2):
 PSYoungGen      total 137216K, used 11234K [0x00000000d5580000, 0x00000000e1580000, 0x0000000100000000)
  eden space 125952K, 0% used [0x00000000d5580000,0x00000000d5580000,0x00000000dd080000)
  from space 11264K, 99% used [0x00000000dd080000,0x00000000ddb78a40,0x00000000ddb80000)
  to   space 12800K, 0% used [0x00000000e0900000,0x00000000e0900000,0x00000000e1580000)
 ParOldGen       total 49152K, used 6849K [0x0000000080000000, 0x0000000083000000, 0x00000000d5580000)
  object space 49152K, 13% used [0x0000000080000000,0x00000000806b0448,0x0000000083000000)
 Metaspace       used 34271K, capacity 35398K, committed 35496K, reserved 1079296K
  class space    used 4722K, capacity 5002K, committed 5040K, reserved 1048576K
Event: 5.242 GC heap after
Heap after GC invocations=11 (full 2):
 PSYoungGen      total 137216K, used 0K [0x00000000d5580000, 0x00000000e1580000, 0x0000000100000000)
  eden space 125952K, 0% used [0x00000000d5580000,0x00000000d5580000,0x00000000dd080000)
  from space 11264K, 0% used [0x00000000dd080000,0x00000000dd080000,0x00000000ddb80000)
  to   space 12800K, 0% used [0x00000000e0900000,0x00000000e0900000,0x00000000e1580000)
 ParOldGen       total 74752K, used 17379K [0x0000000080000000, 0x0000000084900000, 0x00000000d5580000)
  object space 74752K, 23% used [0x0000000080000000,0x00000000810f8d50,0x0000000084900000)
 Metaspace       used 34271K, capacity 35398K, committed 35496K, reserved 1079296K
  class space    used 4722K, capacity 5002K, committed 5040K, reserved 1048576K
}

Deoptimization events (10 events):
Event: 4.663 Thread 0x000000001b2a6000 Uncommon trap: reason=unstable_if action=reinterpret pc=0x000000000379c544 method=java.util.HashMap.getNode(ILjava/lang/Object;)Ljava/util/HashMap$Node; @ 53
Event: 4.663 Thread 0x000000001b2a6000 Uncommon trap: reason=unstable_if action=reinterpret pc=0x00000000037b1438 method=java.util.HashMap.putVal(ILjava/lang/Object;Ljava/lang/Object;ZZ)Ljava/lang/Object; @ 85
Event: 4.733 Thread 0x000000001b2a6000 Uncommon trap: reason=unstable_if action=reinterpret pc=0x00000000039a81c4 method=org.gradle.internal.reflect.PropertyAccessorType.isGetGetterName(Ljava/lang/String;)Z @ 14
Event: 4.761 Thread 0x000000001b2a6000 Uncommon trap: reason=unstable_if action=reinterpret pc=0x00000000038c7dc0 method=org.objectweb.asm.ByteVector.putShort(I)Lorg/objectweb/asm/ByteVector; @ 13
Event: 4.831 Thread 0x000000001b2a6000 Uncommon trap: reason=unstable_if action=reinterpret pc=0x0000000003824f08 method=java.net.URLClassLoader.defineClass(Ljava/lang/String;Lsun/misc/Resource;)Ljava/lang/Class; @ 21
Event: 4.880 Thread 0x000000001b2a6000 Uncommon trap: reason=unstable_if action=reinterpret pc=0x0000000003b89c38 method=org.codehaus.groovy.runtime.metaclass.MetaMethodIndex.addMethodToList(Ljava/lang/Object;Lgroovy/lang/MetaMethod;)Ljava/lang/Object; @ 226
Event: 4.935 Thread 0x000000001b2a6000 Uncommon trap: reason=range_check action=make_not_entrant pc=0x0000000003b75634 method=java.lang.String.charAt(I)C @ 27
Event: 5.632 Thread 0x000000001b1db800 Uncommon trap: reason=unstable_if action=reinterpret pc=0x0000000003745950 method=java.util.concurrent.ConcurrentHashMap.addCount(JI)V @ 34
Event: 5.632 Thread 0x000000001b1d3800 Uncommon trap: reason=unstable_if action=reinterpret pc=0x0000000003745950 method=java.util.concurrent.ConcurrentHashMap.addCount(JI)V @ 34
Event: 5.632 Thread 0x000000001b1db000 Uncommon trap: reason=unstable_if action=reinterpret pc=0x00000000036b76d4 method=java.util.concurrent.ConcurrentHashMap.addCount(JI)V @ 168

Classes redefined (0 events):
No events

Internal exceptions (10 events):
Event: 5.019 Thread 0x000000001b2a6000 Exception <a 'java/lang/ClassNotFoundException': org/gradle/api/internal/artifacts/dsl/dependencies/DefaultDependencyHandler_DecoratedBeanInfo> (0x00000000d9ecbb18) thrown at [C:\src\AOSP-openjdk-git\hotspot\src\share\vm\classfile\systemDictionary.cpp, li
Event: 5.020 Thread 0x000000001b2a6000 Exception <a 'java/lang/ClassNotFoundException': org/gradle/api/internal/artifacts/dsl/dependencies/DefaultDependencyHandlerBeanInfo> (0x00000000d9f24458) thrown at [C:\src\AOSP-openjdk-git\hotspot\src\share\vm\classfile\systemDictionary.cpp, line 210]
Event: 5.021 Thread 0x000000001b2a6000 Exception <a 'java/lang/ClassNotFoundException': org/gradle/api/internal/artifacts/dsl/dependencies/DefaultDependencyHandlerCustomizer> (0x00000000d9f7e098) thrown at [C:\src\AOSP-openjdk-git\hotspot\src\share\vm\classfile\systemDictionary.cpp, line 210]
Event: 5.023 Thread 0x000000001b2a6000 Exception <a 'java/lang/ClassNotFoundException': org/gradle/api/internal/artifacts/dsl/dependencies/DefaultDependencyHandler_DecoratedCustomizer> (0x00000000da008da8) thrown at [C:\src\AOSP-openjdk-git\hotspot\src\share\vm\classfile\systemDictionary.cpp, 
Event: 5.076 Thread 0x000000001b2a6000 Exception <a 'java/lang/NoSuchMethodError': java.lang.Object.lambda$static$0(Lorg/gradle/api/internal/artifacts/configurations/MutationValidator$MutationType;)V> (0x00000000da678380) thrown at [C:\src\AOSP-openjdk-git\hotspot\src\share\vm\interpreter\link
Event: 5.260 Thread 0x000000001b2a6000 Exception <a 'java/lang/NoSuchMethodError': java.lang.Object.lambda$static$0(Lorg/gradle/internal/component/model/DependencyMetadata;)Lorg/gradle/api/internal/artifacts/ivyservice/dependencysubstitution/DependencySubstitutionApplicator$SubstitutionResult;
Event: 5.296 Thread 0x000000001b2a6000 Exception <a 'java/lang/IncompatibleClassChangeError': Found class java.lang.Object, but interface was expected> (0x00000000d5dc9db8) thrown at [C:\src\AOSP-openjdk-git\hotspot\src\share\vm\interpreter\linkResolver.cpp, line 653]
Event: 5.297 Thread 0x000000001b2a6000 Exception <a 'java/lang/NoSuchMethodError': java.lang.Object.lambda$thenComparing$36697e65$1(Ljava/util/Comparator;Ljava/lang/Object;Ljava/lang/Object;)I> (0x00000000d5dd56e8) thrown at [C:\src\AOSP-openjdk-git\hotspot\src\share\vm\interpreter\linkResolve
Event: 5.391 Thread 0x000000001b2a6000 Exception <a 'java/lang/NoSuchMethodError': java.lang.Object.lambda$static$0()Z> (0x00000000d67d52f0) thrown at [C:\src\AOSP-openjdk-git\hotspot\src\share\vm\interpreter\linkResolver.cpp, line 620]
Event: 5.623 Thread 0x000000001b2a6000 Exception <a 'java/lang/NoSuchMethodError': java.lang.Object.lambda$static$0(Lorg/gradle/api/internal/artifacts/ivyservice/resolveengine/artifact/ArtifactVisitor;)V> (0x00000000d74c2b38) thrown at [C:\src\AOSP-openjdk-git\hotspot\src\share\vm\interpreter\

Events (10 events):
Event: 5.834 Thread 0x000000001b65a800 Thread added: 0x000000001b65a800
Event: 5.834 Thread 0x000000001b657000 Thread added: 0x000000001b657000
Event: 5.835 Thread 0x000000001b65a000 Thread added: 0x000000001b65a000
Event: 5.836 Thread 0x000000001b65d800 Thread added: 0x000000001b65d800
Event: 5.837 Thread 0x000000001b657800 Thread added: 0x000000001b657800
Event: 5.838 Thread 0x000000001b65e800 Thread added: 0x000000001b65e800
Event: 5.840 Thread 0x000000001b65f000 Thread added: 0x000000001b65f000
Event: 5.841 Thread 0x000000001b658800 Thread added: 0x000000001b658800
Event: 5.841 Thread 0x000000001b660000 Thread added: 0x000000001b660000
Event: 5.842 Thread 0x000000001b659000 Thread added: 0x000000001b659000


Dynamic libraries:
0x00007ff77fd60000 - 0x00007ff77fd91000 	C:\Program Files\Android\Android Studio\jre\bin\java.exe
0x00007ff8cdc20000 - 0x00007ff8cde10000 	C:\WINDOWS\SYSTEM32\ntdll.dll
0x00007ff8cc660000 - 0x00007ff8cc712000 	C:\WINDOWS\System32\KERNEL32.DLL
0x00007ff8cb4d0000 - 0x00007ff8cb775000 	C:\WINDOWS\System32\KERNELBASE.dll
0x00007ff8ccdb0000 - 0x00007ff8cce53000 	C:\WINDOWS\System32\ADVAPI32.dll
0x00007ff8cd800000 - 0x00007ff8cd89e000 	C:\WINDOWS\System32\msvcrt.dll
0x00007ff8cce60000 - 0x00007ff8ccef7000 	C:\WINDOWS\System32\sechost.dll
0x00007ff8cc0b0000 - 0x00007ff8cc1d0000 	C:\WINDOWS\System32\RPCRT4.dll
0x00007ff8cc220000 - 0x00007ff8cc3b4000 	C:\WINDOWS\System32\USER32.dll
0x00007ff8cab90000 - 0x00007ff8cabb1000 	C:\WINDOWS\System32\win32u.dll
0x00007ff8cbfb0000 - 0x00007ff8cbfd6000 	C:\WINDOWS\System32\GDI32.dll
0x00007ff8cbb10000 - 0x00007ff8cbca6000 	C:\WINDOWS\System32\gdi32full.dll
0x00007ff8cb9e0000 - 0x00007ff8cba7e000 	C:\WINDOWS\System32\msvcp_win.dll
0x00007ff8cb350000 - 0x00007ff8cb44a000 	C:\WINDOWS\System32\ucrtbase.dll
0x00007ff8bb220000 - 0x00007ff8bb4a4000 	C:\WINDOWS\WinSxS\amd64_microsoft.windows.common-controls_6595b64144ccf1df_6.0.18362.1256_none_9e7e379be45e40e2\COMCTL32.dll
0x00007ff8cd8a0000 - 0x00007ff8cdbd6000 	C:\WINDOWS\System32\combase.dll
0x00007ff8cba80000 - 0x00007ff8cbb01000 	C:\WINDOWS\System32\bcryptPrimitives.dll
0x00007ff8cc1e0000 - 0x00007ff8cc20e000 	C:\WINDOWS\System32\IMM32.DLL
0x00000000667c0000 - 0x0000000066892000 	C:\Program Files\Android\Android Studio\jre\jre\bin\msvcr100.dll
0x00000000679a0000 - 0x00000000681eb000 	C:\Program Files\Android\Android Studio\jre\jre\bin\server\jvm.dll
0x00007ff8cc210000 - 0x00007ff8cc218000 	C:\WINDOWS\System32\PSAPI.DLL
0x00007ff8b9570000 - 0x00007ff8b9579000 	C:\WINDOWS\SYSTEM32\WSOCK32.dll
0x00007ff8c21c0000 - 0x00007ff8c21ca000 	C:\WINDOWS\SYSTEM32\VERSION.dll
0x00007ff8bf0f0000 - 0x00007ff8bf114000 	C:\WINDOWS\SYSTEM32\WINMM.dll
0x00007ff8cc420000 - 0x00007ff8cc48f000 	C:\WINDOWS\System32\WS2_32.dll
0x00007ff8bda50000 - 0x00007ff8bda7d000 	C:\WINDOWS\SYSTEM32\WINMMBASE.dll
0x00007ff8cb480000 - 0x00007ff8cb4ca000 	C:\WINDOWS\System32\cfgmgr32.dll
0x00007ff8be5a0000 - 0x00007ff8be5af000 	C:\Program Files\Android\Android Studio\jre\jre\bin\verify.dll
0x00007ff898ea0000 - 0x00007ff898ec9000 	C:\Program Files\Android\Android Studio\jre\jre\bin\java.dll
0x00007ff8bc3f0000 - 0x00007ff8bc406000 	C:\Program Files\Android\Android Studio\jre\jre\bin\zip.dll
0x00007ff8ccf60000 - 0x00007ff8cd647000 	C:\WINDOWS\System32\SHELL32.dll
0x00007ff8cbe30000 - 0x00007ff8cbed9000 	C:\WINDOWS\System32\shcore.dll
0x00007ff8cabc0000 - 0x00007ff8cb341000 	C:\WINDOWS\System32\windows.storage.dll
0x00007ff8cab60000 - 0x00007ff8cab83000 	C:\WINDOWS\System32\profapi.dll
0x00007ff8caad0000 - 0x00007ff8cab1a000 	C:\WINDOWS\System32\powrprof.dll
0x00007ff8caac0000 - 0x00007ff8caad0000 	C:\WINDOWS\System32\UMPDC.dll
0x00007ff8cc5e0000 - 0x00007ff8cc632000 	C:\WINDOWS\System32\shlwapi.dll
0x00007ff8cab40000 - 0x00007ff8cab51000 	C:\WINDOWS\System32\kernel.appcore.dll
0x00007ff8cbcb0000 - 0x00007ff8cbcc7000 	C:\WINDOWS\System32\cryptsp.dll
0x00007ff8bbf20000 - 0x00007ff8bbf3a000 	C:\Program Files\Android\Android Studio\jre\jre\bin\net.dll
0x00007ff8ca310000 - 0x00007ff8ca377000 	C:\WINDOWS\system32\mswsock.dll
0x00007ff8a6450000 - 0x00007ff8a6463000 	C:\Program Files\Android\Android Studio\jre\jre\bin\nio.dll
0x00007ff8be600000 - 0x00007ff8be627000 	C:\Users\mahmooda\.gradle\native\f6784746aeab05261644944871eae4fe03e0ef1612fff0a4a95f87b438bc6780\windows-amd64\native-platform.dll
0x00007ff8be240000 - 0x00007ff8be24d000 	C:\Program Files\Android\Android Studio\jre\jre\bin\management.dll
0x00007ff8c9c10000 - 0x00007ff8c9c43000 	C:\WINDOWS\system32\rsaenh.dll
0x00007ff8cb450000 - 0x00007ff8cb476000 	C:\WINDOWS\System32\bcrypt.dll
0x00007ff8ca9a0000 - 0x00007ff8ca9c5000 	C:\WINDOWS\SYSTEM32\USERENV.dll
0x00007ff8ca4e0000 - 0x00007ff8ca4ec000 	C:\WINDOWS\SYSTEM32\CRYPTBASE.dll
0x00007ff8ca020000 - 0x00007ff8ca05a000 	C:\WINDOWS\SYSTEM32\IPHLPAPI.DLL
0x00007ff8cc1d0000 - 0x00007ff8cc1d8000 	C:\WINDOWS\System32\NSI.dll
0x00007ff8c3d50000 - 0x00007ff8c3d66000 	C:\WINDOWS\SYSTEM32\dhcpcsvc6.DLL
0x00007ff8c3cf0000 - 0x00007ff8c3d0c000 	C:\WINDOWS\SYSTEM32\dhcpcsvc.DLL
0x00007ff8ca060000 - 0x00007ff8ca12b000 	C:\WINDOWS\SYSTEM32\DNSAPI.dll
0x00007ff8c3e70000 - 0x00007ff8c3e7b000 	C:\WINDOWS\SYSTEM32\WINNSI.DLL

VM Arguments:
jvm_args: -Xmx2048m -Dfile.encoding=UTF-8 -Duser.country=US -Duser.language=en -Duser.variant 
java_command: org.gradle.launcher.daemon.bootstrap.GradleDaemon 6.5
java_class_path (initial): C:\Users\mahmooda\.gradle\wrapper\dists\gradle-6.5-bin\6nifqtx7604sqp1q6g8wikw7p\gradle-6.5\lib\gradle-launcher-6.5.jar
Launcher Type: SUN_STANDARD

Environment Variables:
JAVA_HOME=C:\Program Files\Java\jdk-14.0.2\bin
CLASSPATH=.;C:\Program Files (x86)\QuickTime\QTSystem\QTJava.zip
PATH=C:\Python38\Scripts\;C:\Python38\;C:\Program Files (x86)\PerkinElmerInformatics\ChemOffice2017\ChemScript\Lib;C:\Program Files (x86)\Common Files\Oracle\Java\javapath;C:\WINDOWS\system32;C:\WINDOWS;C:\WINDOWS\System32\Wbem;C:\WINDOWS\System32\WindowsPowerShell\v1.0\;C:\WINDOWS\System32\OpenSSH\;C:\Program Files (x86)\QuickTime\QTSystem\;C:\ProgramData\chocolatey\bin;C:\Program Files\Git\cmd;C:\Program Files\Java\jdk1.8.0_241;C:\Program Files\Java\jre1.8.0_191\bin;C:\Program Files\Java\jre1.8.0_241\bin;C:\Program Files\nodejs\;C:\Program Files\Java\jdk-14.0.2\bin;C:\MinGW\bin;C:\Users\mahmooda\AppData\Local\Programs\Python\Python38-32\Scripts\;C:\Users\mahmooda\AppData\Local\Programs\Python\Python38-32\;C:\Users\mahmooda\AppData\Local\Microsoft\WindowsApps;C:\Program Files\JetBrains\PyCharm Community Edition 2019.2.2\bin;C:\Users\mahmooda\AppData\Local\Programs\Microsoft VS Code\bin;C:\Program Files\JetBrains\PyCharm Community Edition 2019.3\bin;C:\Users\mahmooda\AppData\Local\atom\bin;C:\Program Files\JetBrains\IntelliJ IDEA 2020.1.2\bin;;C:\Users\mahmooda\AppData\Roaming\npm;C:\Program Files (x86)\mingw-w64\i686-8.1.0-posix-dwarf-rt_v6-rev0\mingw32\bin;
USERNAME=mahmooda
OS=Windows_NT
PROCESSOR_IDENTIFIER=Intel64 Family 6 Model 142 Stepping 10, GenuineIntel



---------------  S Y S T E M  ---------------

OS: Windows 10.0 , 64 bit Build 18362 (10.0.18362.1110)

CPU:total 8 (initial active 8) (4 cores per cpu, 2 threads per core) family 6 model 142 stepping 10, cmov, cx8, fxsr, mmx, sse, sse2, sse3, ssse3, sse4.1, sse4.2, popcnt, avx, avx2, aes, clmul, erms, rtm, 3dnowpref, lzcnt, ht, tsc, tscinvbit, bmi1, bmi2, adx

Memory: 4k page, physical 8246228k(603128k free), swap 33412052k(8k free)

vm_info: OpenJDK 64-Bit Server VM (25.242-b01) for windows-amd64 JRE (1.8.0_242-release-1644-b01), built by "builder" with MS VC++ 10.0 (VS2010)

time: Tue Jan 05 16:06:21 2021
timezone: Eastern Standard Time
elapsed time: 5 seconds (0d 0h 0m 5s)

