#
# There is insufficient memory for the Java Runtime Environment to continue.
# Native memory allocation (malloc) failed to allocate 1195776 bytes for Chunk::new
# Possible reasons:
#   The system is out of physical RAM or swap space
#   The process is running with CompressedOops enabled, and the Java Heap may be blocking the growth of the native heap
# Possible solutions:
#   Reduce memory load on the system
#   Increase physical memory or swap space
#   Check if swap backing store is full
#   Decrease Java heap size (-Xmx/-Xms)
#   Decrease number of Java threads
#   Decrease Java thread stack sizes (-Xss)
#   Set larger code cache with -XX:ReservedCodeCacheSize=
#   JVM is running with Unscaled Compressed Oops mode in which the Java heap is
#     placed in the first 4GB address space. The Java Heap base address is the
#     maximum limit for the native heap growth. Please use -XX:HeapBaseMinAddress
#     to set the Java Heap base and to place the Java Heap above 4GB virtual address.
# This output file may be truncated or incomplete.
#
#  Out of Memory Error (allocation.cpp:389), pid=44872, tid=0x00000000000082e8
#
# JRE version: OpenJDK Runtime Environment (8.0_242-b01) (build 1.8.0_242-release-1644-b01)
# Java VM: OpenJDK 64-Bit Server VM (25.242-b01 mixed mode windows-amd64 compressed oops)
# Failed to write core dump. Minidumps are not enabled by default on client versions of Windows
#

---------------  T H R E A D  ---------------

Current thread (0x000000001936b800):  JavaThread "C2 CompilerThread2" daemon [_thread_in_native, id=33512, stack(0x0000000019e30000,0x0000000019f30000)]

Stack: [0x0000000019e30000,0x0000000019f30000]
[error occurred during error reporting (printing stack bounds), id 0xc0000005]

Native frames: (J=compiled Java code, j=interpreted, Vv=VM code, C=native code)


Current CompileTask:
C2:   5579 2580       4       groovy.lang.MetaClassImpl$1MOPIter::methodNameAction (325 bytes)


---------------  P R O C E S S  ---------------

Java Threads: ( => current thread )
  0x000000001c28c800 JavaThread "Cache worker for file content cache (C:\Users\mahmooda\.gradle\caches\6.5\fileContent)" [_thread_blocked, id=46948, stack(0x0000000022650000,0x0000000022750000)]
  0x000000001c28d000 JavaThread "jar transforms" [_thread_blocked, id=44164, stack(0x0000000022550000,0x0000000022650000)]
  0x000000001c28b000 JavaThread "Cache worker for execution history cache (C:\Users\mahmooda\.gradle\caches\6.5\executionHistory)" [_thread_blocked, id=45264, stack(0x0000000021e50000,0x0000000021f50000)]
  0x000000001c28a000 JavaThread "Cache worker for cache directory md-rule (C:\Users\mahmooda\.gradle\caches\6.5\md-rule)" [_thread_blocked, id=38416, stack(0x0000000021d50000,0x0000000021e50000)]
  0x000000001c289800 JavaThread "Cache worker for cache directory md-supplier (C:\Users\mahmooda\.gradle\caches\6.5\md-supplier)" [_thread_blocked, id=44076, stack(0x00000000208f0000,0x00000000209f0000)]
  0x000000001c287000 JavaThread "Cache worker for checksums cache (C:\Users\mahmooda\AndroidStudioProjects\Carehub\.gradle\checksums)" [_thread_blocked, id=16540, stack(0x00000000207f0000,0x00000000208f0000)]
  0x000000001c288800 JavaThread "Cache worker for file hash cache (C:\Users\mahmooda\AndroidStudioProjects\Carehub\.gradle\6.5\fileHashes)" [_thread_blocked, id=38496, stack(0x0000000021c50000,0x0000000021d50000)]
  0x000000001c288000 JavaThread "Cache worker for file hash cache (C:\Users\mahmooda\.gradle\caches\6.5\fileHashes)" [_thread_blocked, id=8804, stack(0x000000001e350000,0x000000001e450000)]
  0x000000001c286800 JavaThread "File lock request listener" [_thread_in_native, id=40048, stack(0x000000001e250000,0x000000001e350000)]
  0x000000001b6f4000 JavaThread "Cache worker for journal cache (C:\Users\mahmooda\.gradle\caches\journal-1)" [_thread_blocked, id=31716, stack(0x000000001e150000,0x000000001e250000)]
  0x000000001a540800 JavaThread "Thread-9" [_thread_blocked, id=46692, stack(0x000000001de50000,0x000000001df50000)]
  0x000000001a53d800 JavaThread "Stdin handler" [_thread_blocked, id=46344, stack(0x000000001dd50000,0x000000001de50000)]
  0x000000001a34c800 JavaThread "Asynchronous log dispatcher for DefaultDaemonConnection: socket connection from /127.0.0.1:62451 to /127.0.0.1:62452" [_thread_blocked, id=46620, stack(0x000000001dc50000,0x000000001dd50000)]
  0x000000001a336800 JavaThread "Daemon worker" [_thread_in_vm, id=28004, stack(0x000000001db50000,0x000000001dc50000)]
  0x000000001a335800 JavaThread "Cancel handler" [_thread_blocked, id=34852, stack(0x000000001d950000,0x000000001da50000)]
  0x000000001bf26800 JavaThread "Handler for socket connection from /127.0.0.1:62451 to /127.0.0.1:62452" [_thread_in_native, id=18824, stack(0x000000001d850000,0x000000001d950000)]
  0x000000001bf28800 JavaThread "Daemon" [_thread_blocked, id=45220, stack(0x000000001d750000,0x000000001d850000)]
  0x000000001bf2d000 JavaThread "Daemon periodic checks" [_thread_blocked, id=32308, stack(0x000000001d450000,0x000000001d550000)]
  0x000000001be3c000 JavaThread "Incoming local TCP Connector on port 62451" [_thread_in_native, id=37772, stack(0x000000001d210000,0x000000001d310000)]
  0x000000001bdfc800 JavaThread "Daemon health stats" [_thread_blocked, id=19400, stack(0x000000001cbd0000,0x000000001ccd0000)]
  0x00000000193fb800 JavaThread "Service Thread" daemon [_thread_blocked, id=40360, stack(0x000000001a030000,0x000000001a130000)]
  0x0000000019374800 JavaThread "C1 CompilerThread3" daemon [_thread_blocked, id=27900, stack(0x0000000019f30000,0x000000001a030000)]
=>0x000000001936b800 JavaThread "C2 CompilerThread2" daemon [_thread_in_native, id=33512, stack(0x0000000019e30000,0x0000000019f30000)]
  0x000000001936a800 JavaThread "C2 CompilerThread1" daemon [_thread_in_native, id=46476, stack(0x0000000019d30000,0x0000000019e30000)]
  0x0000000019364000 JavaThread "C2 CompilerThread0" daemon [_thread_blocked, id=45728, stack(0x0000000019c30000,0x0000000019d30000)]
  0x0000000019363000 JavaThread "Attach Listener" daemon [_thread_blocked, id=42956, stack(0x0000000019b30000,0x0000000019c30000)]
  0x0000000019362800 JavaThread "Signal Dispatcher" daemon [_thread_blocked, id=41676, stack(0x0000000019a30000,0x0000000019b30000)]
  0x0000000019350800 JavaThread "Finalizer" daemon [_thread_blocked, id=27512, stack(0x0000000019830000,0x0000000019930000)]
  0x0000000002439000 JavaThread "Reference Handler" daemon [_thread_blocked, id=46124, stack(0x0000000019730000,0x0000000019830000)]
  0x0000000002342800 JavaThread "main" [_thread_blocked, id=40156, stack(0x00000000021d0000,0x00000000022d0000)]

Other Threads:
  0x0000000017556800 VMThread [stack: 0x0000000019230000,0x0000000019330000] [id=34388]
  0x00000000193fc800 WatcherThread [stack: 0x000000001a130000,0x000000001a230000] [id=40248]

VM state:not at safepoint (normal execution)

VM Mutex/Monitor currently owned by a thread: None

heap address: 0x0000000080000000, size: 2048 MB, Compressed Oops mode: 32-bit
Narrow klass base: 0x0000000000000000, Narrow klass shift: 3
Compressed class space size: 1073741824 Address: 0x0000000100000000

Heap:
 PSYoungGen      total 102400K, used 20933K [0x00000000d5580000, 0x00000000dc700000, 0x0000000100000000)
  eden space 92672K, 12% used [0x00000000d5580000,0x00000000d60e7d98,0x00000000db000000)
  from space 9728K, 95% used [0x00000000dba80000,0x00000000dc3897b0,0x00000000dc400000)
  to   space 10752K, 0% used [0x00000000db000000,0x00000000db000000,0x00000000dba80000)
 ParOldGen       total 67072K, used 11805K [0x0000000080000000, 0x0000000084180000, 0x00000000d5580000)
  object space 67072K, 17% used [0x0000000080000000,0x0000000080b874b0,0x0000000084180000)
 Metaspace       used 33498K, capacity 34562K, committed 34864K, reserved 1079296K
  class space    used 4591K, capacity 4858K, committed 4912K, reserved 1048576K

Card table byte_map: [0x00000000118b0000,0x0000000011cc0000] byte_map_base: 0x00000000114b0000

Marking Bits: (ParMarkBitMap*) 0x000000006816f030
 Begin Bits: [0x0000000012770000, 0x0000000014770000)
 End Bits:   [0x0000000014770000, 0x0000000016770000)

Polling page: 0x0000000000560000

CodeCache: size=245760Kb used=10450Kb max_used=10461Kb free=235309Kb
 bounds [0x00000000024f0000, 0x0000000002f30000, 0x00000000114f0000]
 total_blobs=3398 nmethods=2715 adapters=596
 compilation: enabled

Compilation events (10 events):
Event: 5.569 Thread 0x0000000019374800 2710       3       com.google.common.base.Equivalence::hash (12 bytes)
Event: 5.570 Thread 0x0000000019374800 nmethod 2710 0x0000000002f21150 code [0x0000000002f212c0, 0x0000000002f21528]
Event: 5.570 Thread 0x0000000019374800 2711       3       sun.reflect.generics.reflectiveObjects.WildcardTypeImpl::getUpperBounds (72 bytes)
Event: 5.571 Thread 0x0000000019374800 nmethod 2711 0x0000000002f20090 code [0x0000000002f20280, 0x0000000002f20cf8]
Event: 5.571 Thread 0x0000000019364000 2712       4       java.lang.Class::getGenericInfo (52 bytes)
Event: 5.571 Thread 0x0000000019374800 2713  s    3       java.beans.PropertyDescriptor::setWriteMethod (61 bytes)
Event: 5.572 Thread 0x0000000019364000 nmethod 2712 0x0000000002f23d10 code [0x0000000002f23e80, 0x0000000002f23fa8]
Event: 5.572 Thread 0x0000000019374800 nmethod 2713 0x0000000002f24090 code [0x0000000002f24440, 0x0000000002f26898]
Event: 5.572 Thread 0x0000000019374800 2714       3       org.codehaus.groovy.reflection.CachedField::<init> (18 bytes)
Event: 5.572 Thread 0x0000000019374800 nmethod 2714 0x0000000002f1fa90 code [0x0000000002f1fc00, 0x0000000002f1ff70]

GC Heap History (10 events):
Event: 3.102 GC heap before
{Heap before GC invocations=5 (full 0):
 PSYoungGen      total 34816K, used 34816K [0x00000000d5580000, 0x00000000d9b00000, 0x0000000100000000)
  eden space 32768K, 100% used [0x00000000d5580000,0x00000000d7580000,0x00000000d7580000)
  from space 2048K, 100% used [0x00000000d9900000,0x00000000d9b00000,0x00000000d9b00000)
  to   space 5120K, 0% used [0x00000000d9100000,0x00000000d9100000,0x00000000d9600000)
 ParOldGen       total 86016K, used 6191K [0x0000000080000000, 0x0000000085400000, 0x00000000d5580000)
  object space 86016K, 7% used [0x0000000080000000,0x000000008060bca8,0x0000000085400000)
 Metaspace       used 17482K, capacity 18036K, committed 18304K, reserved 1064960K
  class space    used 2390K, capacity 2564K, committed 2688K, reserved 1048576K
Event: 3.111 GC heap after
Heap after GC invocations=5 (full 0):
 PSYoungGen      total 66048K, used 5099K [0x00000000d5580000, 0x00000000da580000, 0x0000000100000000)
  eden space 60928K, 0% used [0x00000000d5580000,0x00000000d5580000,0x00000000d9100000)
  from space 5120K, 99% used [0x00000000d9100000,0x00000000d95faea0,0x00000000d9600000)
  to   space 8192K, 0% used [0x00000000d9d80000,0x00000000d9d80000,0x00000000da580000)
 ParOldGen       total 86016K, used 6558K [0x0000000080000000, 0x0000000085400000, 0x00000000d5580000)
  object space 86016K, 7% used [0x0000000080000000,0x0000000080667820,0x0000000085400000)
 Metaspace       used 17482K, capacity 18036K, committed 18304K, reserved 1064960K
  class space    used 2390K, capacity 2564K, committed 2688K, reserved 1048576K
}
Event: 3.668 GC heap before
{Heap before GC invocations=6 (full 0):
 PSYoungGen      total 66048K, used 43236K [0x00000000d5580000, 0x00000000da580000, 0x0000000100000000)
  eden space 60928K, 62% used [0x00000000d5580000,0x00000000d7abe260,0x00000000d9100000)
  from space 5120K, 99% used [0x00000000d9100000,0x00000000d95faea0,0x00000000d9600000)
  to   space 8192K, 0% used [0x00000000d9d80000,0x00000000d9d80000,0x00000000da580000)
 ParOldGen       total 86016K, used 6558K [0x0000000080000000, 0x0000000085400000, 0x00000000d5580000)
  object space 86016K, 7% used [0x0000000080000000,0x0000000080667820,0x0000000085400000)
 Metaspace       used 20560K, capacity 21208K, committed 21296K, reserved 1067008K
  class space    used 2873K, capacity 3076K, committed 3120K, reserved 1048576K
Event: 3.677 GC heap after
Heap after GC invocations=6 (full 0):
 PSYoungGen      total 73216K, used 6984K [0x00000000d5580000, 0x00000000ddd80000, 0x0000000100000000)
  eden space 65024K, 0% used [0x00000000d5580000,0x00000000d5580000,0x00000000d9500000)
  from space 8192K, 85% used [0x00000000d9d80000,0x00000000da452208,0x00000000da580000)
  to   space 8704K, 0% used [0x00000000d9500000,0x00000000d9500000,0x00000000d9d80000)
 ParOldGen       total 86016K, used 6566K [0x0000000080000000, 0x0000000085400000, 0x00000000d5580000)
  object space 86016K, 7% used [0x0000000080000000,0x0000000080669820,0x0000000085400000)
 Metaspace       used 20560K, capacity 21208K, committed 21296K, reserved 1067008K
  class space    used 2873K, capacity 3076K, committed 3120K, reserved 1048576K
}
Event: 3.678 GC heap before
{Heap before GC invocations=7 (full 1):
 PSYoungGen      total 73216K, used 6984K [0x00000000d5580000, 0x00000000ddd80000, 0x0000000100000000)
  eden space 65024K, 0% used [0x00000000d5580000,0x00000000d5580000,0x00000000d9500000)
  from space 8192K, 85% used [0x00000000d9d80000,0x00000000da452208,0x00000000da580000)
  to   space 8704K, 0% used [0x00000000d9500000,0x00000000d9500000,0x00000000d9d80000)
 ParOldGen       total 86016K, used 6566K [0x0000000080000000, 0x0000000085400000, 0x00000000d5580000)
  object space 86016K, 7% used [0x0000000080000000,0x0000000080669820,0x0000000085400000)
 Metaspace       used 20560K, capacity 21208K, committed 21296K, reserved 1067008K
  class space    used 2873K, capacity 3076K, committed 3120K, reserved 1048576K
Event: 3.737 GC heap after
Heap after GC invocations=7 (full 1):
 PSYoungGen      total 73216K, used 0K [0x00000000d5580000, 0x00000000ddd80000, 0x0000000100000000)
  eden space 65024K, 0% used [0x00000000d5580000,0x00000000d5580000,0x00000000d9500000)
  from space 8192K, 0% used [0x00000000d9d80000,0x00000000d9d80000,0x00000000da580000)
  to   space 8704K, 0% used [0x00000000d9500000,0x00000000d9500000,0x00000000d9d80000)
 ParOldGen       total 67072K, used 11789K [0x0000000080000000, 0x0000000084180000, 0x00000000d5580000)
  object space 67072K, 17% used [0x0000000080000000,0x0000000080b834b0,0x0000000084180000)
 Metaspace       used 20560K, capacity 21208K, committed 21296K, reserved 1067008K
  class space    used 2873K, capacity 3076K, committed 3120K, reserved 1048576K
}
Event: 4.615 GC heap before
{Heap before GC invocations=8 (full 1):
 PSYoungGen      total 73216K, used 65024K [0x00000000d5580000, 0x00000000ddd80000, 0x0000000100000000)
  eden space 65024K, 100% used [0x00000000d5580000,0x00000000d9500000,0x00000000d9500000)
  from space 8192K, 0% used [0x00000000d9d80000,0x00000000d9d80000,0x00000000da580000)
  to   space 8704K, 0% used [0x00000000d9500000,0x00000000d9500000,0x00000000d9d80000)
 ParOldGen       total 67072K, used 11789K [0x0000000080000000, 0x0000000084180000, 0x00000000d5580000)
  object space 67072K, 17% used [0x0000000080000000,0x0000000080b834b0,0x0000000084180000)
 Metaspace       used 28744K, capacity 29598K, committed 29872K, reserved 1075200K
  class space    used 3984K, capacity 4223K, committed 4272K, reserved 1048576K
Event: 4.623 GC heap after
Heap after GC invocations=8 (full 1):
 PSYoungGen      total 73728K, used 8511K [0x00000000d5580000, 0x00000000dc400000, 0x0000000100000000)
  eden space 65024K, 0% used [0x00000000d5580000,0x00000000d5580000,0x00000000d9500000)
  from space 8704K, 97% used [0x00000000d9500000,0x00000000d9d4fff8,0x00000000d9d80000)
  to   space 9728K, 0% used [0x00000000dba80000,0x00000000dba80000,0x00000000dc400000)
 ParOldGen       total 67072K, used 11797K [0x0000000080000000, 0x0000000084180000, 0x00000000d5580000)
  object space 67072K, 17% used [0x0000000080000000,0x0000000080b854b0,0x0000000084180000)
 Metaspace       used 28744K, capacity 29598K, committed 29872K, reserved 1075200K
  class space    used 3984K, capacity 4223K, committed 4272K, reserved 1048576K
}
Event: 5.442 GC heap before
{Heap before GC invocations=9 (full 1):
 PSYoungGen      total 73728K, used 73535K [0x00000000d5580000, 0x00000000dc400000, 0x0000000100000000)
  eden space 65024K, 100% used [0x00000000d5580000,0x00000000d9500000,0x00000000d9500000)
  from space 8704K, 97% used [0x00000000d9500000,0x00000000d9d4fff8,0x00000000d9d80000)
  to   space 9728K, 0% used [0x00000000dba80000,0x00000000dba80000,0x00000000dc400000)
 ParOldGen       total 67072K, used 11797K [0x0000000080000000, 0x0000000084180000, 0x00000000d5580000)
  object space 67072K, 17% used [0x0000000080000000,0x0000000080b854b0,0x0000000084180000)
 Metaspace       used 32957K, capacity 34002K, committed 34224K, reserved 1079296K
  class space    used 4501K, capacity 4758K, committed 4784K, reserved 1048576K
Event: 5.454 GC heap after
Heap after GC invocations=9 (full 1):
 PSYoungGen      total 102400K, used 9253K [0x00000000d5580000, 0x00000000dc700000, 0x0000000100000000)
  eden space 92672K, 0% used [0x00000000d5580000,0x00000000d5580000,0x00000000db000000)
  from space 9728K, 95% used [0x00000000dba80000,0x00000000dc3897b0,0x00000000dc400000)
  to   space 10752K, 0% used [0x00000000db000000,0x00000000db000000,0x00000000dba80000)
 ParOldGen       total 67072K, used 11805K [0x0000000080000000, 0x0000000084180000, 0x00000000d5580000)
  object space 67072K, 17% used [0x0000000080000000,0x0000000080b874b0,0x0000000084180000)
 Metaspace       used 32957K, capacity 34002K, committed 34224K, reserved 1079296K
  class space    used 4501K, capacity 4758K, committed 4784K, reserved 1048576K
}

Deoptimization events (10 events):
Event: 4.193 Thread 0x000000001a336800 Uncommon trap: reason=unstable_if action=reinterpret pc=0x0000000002a5b8ec method=java.util.HashMap.putVal(ILjava/lang/Object;Ljava/lang/Object;ZZ)Ljava/lang/Object; @ 162
Event: 4.624 Thread 0x0000000002439000 Uncommon trap: reason=unstable_if action=reinterpret pc=0x0000000002b2cfbc method=java.lang.ref.Reference.tryHandlePending(Z)Z @ 104
Event: 4.631 Thread 0x000000001a336800 Uncommon trap: reason=unstable_if action=reinterpret pc=0x0000000002ae3950 method=java.net.URLClassLoader.defineClass(Ljava/lang/String;Lsun/misc/Resource;)Ljava/lang/Class; @ 21
Event: 4.632 Thread 0x000000001a336800 Uncommon trap: reason=unstable_if action=reinterpret pc=0x00000000029f0c34 method=java.lang.ClassLoader.getClassLoadingLock(Ljava/lang/String;)Ljava/lang/Object; @ 6
Event: 4.975 Thread 0x000000001a336800 Uncommon trap: reason=unstable_if action=reinterpret pc=0x0000000002a9c6c4 method=java.util.HashMap.getNode(ILjava/lang/Object;)Ljava/util/HashMap$Node; @ 53
Event: 5.072 Thread 0x000000001a336800 Uncommon trap: reason=unstable_if action=reinterpret pc=0x0000000002e07ab4 method=org.gradle.internal.reflect.PropertyAccessorType.isGetGetterName(Ljava/lang/String;)Z @ 14
Event: 5.099 Thread 0x000000001a336800 Uncommon trap: reason=unstable_if action=reinterpret pc=0x0000000002bf52c0 method=org.objectweb.asm.ByteVector.putShort(I)Lorg/objectweb/asm/ByteVector; @ 13
Event: 5.204 Thread 0x000000001a336800 Uncommon trap: reason=unstable_if action=reinterpret pc=0x0000000002b3f0a4 method=java.net.URLClassLoader.defineClass(Ljava/lang/String;Lsun/misc/Resource;)Ljava/lang/Class; @ 21
Event: 5.268 Thread 0x000000001a336800 Uncommon trap: reason=unstable_if action=reinterpret pc=0x0000000002ead9b8 method=org.codehaus.groovy.runtime.metaclass.MetaMethodIndex.addMethodToList(Ljava/lang/Object;Lgroovy/lang/MetaMethod;)Ljava/lang/Object; @ 226
Event: 5.401 Thread 0x000000001a336800 Uncommon trap: reason=range_check action=make_not_entrant pc=0x0000000002e7b97c method=java.lang.String.charAt(I)C @ 27

Classes redefined (0 events):
No events

Internal exceptions (10 events):
Event: 5.293 Thread 0x000000001a336800 Exception <a 'java/lang/ClassNotFoundException': org/gradle/api/internal/DefaultDomainObjectCollectionCustomizer> (0x00000000d8d0c8a8) thrown at [C:\src\AOSP-openjdk-git\hotspot\src\share\vm\classfile\systemDictionary.cpp, line 210]
Event: 5.295 Thread 0x000000001a336800 Exception <a 'java/lang/ClassNotFoundException': org/gradle/api/internal/DefaultNamedDomainObjectCollectionCustomizer> (0x00000000d8d6acc0) thrown at [C:\src\AOSP-openjdk-git\hotspot\src\share\vm\classfile\systemDictionary.cpp, line 210]
Event: 5.297 Thread 0x000000001a336800 Exception <a 'java/lang/ClassNotFoundException': org/gradle/api/internal/DefaultNamedDomainObjectListCustomizer> (0x00000000d8ddf7f8) thrown at [C:\src\AOSP-openjdk-git\hotspot\src\share\vm\classfile\systemDictionary.cpp, line 210]
Event: 5.299 Thread 0x000000001a336800 Exception <a 'java/lang/ClassNotFoundException': org/gradle/api/internal/artifacts/DefaultArtifactRepositoryContainerCustomizer> (0x00000000d8e54510) thrown at [C:\src\AOSP-openjdk-git\hotspot\src\share\vm\classfile\systemDictionary.cpp, line 210]
Event: 5.301 Thread 0x000000001a336800 Exception <a 'java/lang/ClassNotFoundException': org/gradle/api/internal/artifacts/dsl/DefaultRepositoryHandlerCustomizer> (0x00000000d8eb9898) thrown at [C:\src\AOSP-openjdk-git\hotspot\src\share\vm\classfile\systemDictionary.cpp, line 210]
Event: 5.303 Thread 0x000000001a336800 Exception <a 'java/lang/ClassNotFoundException': org/gradle/api/internal/artifacts/dsl/DefaultRepositoryHandler_DecoratedCustomizer> (0x00000000d8f3d098) thrown at [C:\src\AOSP-openjdk-git\hotspot\src\share\vm\classfile\systemDictionary.cpp, line 210]
Event: 5.568 Thread 0x000000001a336800 Exception <a 'java/lang/ClassNotFoundException': org/gradle/api/internal/artifacts/dsl/dependencies/DefaultDependencyHandler_DecoratedBeanInfo> (0x00000000d5d31378) thrown at [C:\src\AOSP-openjdk-git\hotspot\src\share\vm\classfile\systemDictionary.cpp, li
Event: 5.568 Thread 0x000000001a336800 Exception <a 'java/lang/ClassNotFoundException': org/gradle/api/internal/artifacts/dsl/dependencies/DefaultDependencyHandlerBeanInfo> (0x00000000d5d89cb8) thrown at [C:\src\AOSP-openjdk-git\hotspot\src\share\vm\classfile\systemDictionary.cpp, line 210]
Event: 5.569 Thread 0x000000001a336800 Exception <a 'java/lang/ClassNotFoundException': org/gradle/api/internal/artifacts/dsl/dependencies/DefaultDependencyHandlerCustomizer> (0x00000000d5deefc0) thrown at [C:\src\AOSP-openjdk-git\hotspot\src\share\vm\classfile\systemDictionary.cpp, line 210]
Event: 5.571 Thread 0x000000001a336800 Exception <a 'java/lang/ClassNotFoundException': org/gradle/api/internal/artifacts/dsl/dependencies/DefaultDependencyHandler_DecoratedCustomizer> (0x00000000d5e79cd0) thrown at [C:\src\AOSP-openjdk-git\hotspot\src\share\vm\classfile\systemDictionary.cpp, 

Events (10 events):
Event: 5.574 loading class org/gradle/api/artifacts/MutableVersionConstraint
Event: 5.574 loading class org/gradle/api/artifacts/MutableVersionConstraint done
Event: 5.575 loading class org/gradle/api/internal/artifacts/dependencies/AbstractVersionConstraint
Event: 5.575 loading class org/gradle/api/internal/artifacts/dependencies/AbstractVersionConstraint done
Event: 5.575 loading class org/gradle/api/internal/artifacts/DefaultExcludeRuleContainer
Event: 5.575 loading class org/gradle/api/internal/artifacts/DefaultExcludeRuleContainer done
Event: 5.575 loading class org/gradle/api/artifacts/ExcludeRuleContainer
Event: 5.575 loading class org/gradle/api/artifacts/ExcludeRuleContainer done
Event: 5.576 loading class org/gradle/api/internal/artifacts/DependencyResolveContext
Event: 5.576 loading class org/gradle/api/internal/artifacts/DependencyResolveContext done


Dynamic libraries:
0x00007ff77fd60000 - 0x00007ff77fd91000 	C:\Program Files\Android\Android Studio\jre\bin\java.exe
0x00007ff8cdc20000 - 0x00007ff8cde10000 	C:\WINDOWS\SYSTEM32\ntdll.dll
0x00007ff8cc660000 - 0x00007ff8cc712000 	C:\WINDOWS\System32\KERNEL32.DLL
0x00007ff8cb4d0000 - 0x00007ff8cb775000 	C:\WINDOWS\System32\KERNELBASE.dll
0x00007ff8ccdb0000 - 0x00007ff8cce53000 	C:\WINDOWS\System32\ADVAPI32.dll
0x00007ff8cd800000 - 0x00007ff8cd89e000 	C:\WINDOWS\System32\msvcrt.dll
0x00007ff8cce60000 - 0x00007ff8ccef7000 	C:\WINDOWS\System32\sechost.dll
0x00007ff8cc0b0000 - 0x00007ff8cc1d0000 	C:\WINDOWS\System32\RPCRT4.dll
0x00007ff8cc220000 - 0x00007ff8cc3b4000 	C:\WINDOWS\System32\USER32.dll
0x00007ff8cab90000 - 0x00007ff8cabb1000 	C:\WINDOWS\System32\win32u.dll
0x00007ff8cbfb0000 - 0x00007ff8cbfd6000 	C:\WINDOWS\System32\GDI32.dll
0x00007ff8cbb10000 - 0x00007ff8cbca6000 	C:\WINDOWS\System32\gdi32full.dll
0x00007ff8cb9e0000 - 0x00007ff8cba7e000 	C:\WINDOWS\System32\msvcp_win.dll
0x00007ff8cb350000 - 0x00007ff8cb44a000 	C:\WINDOWS\System32\ucrtbase.dll
0x00007ff8bb220000 - 0x00007ff8bb4a4000 	C:\WINDOWS\WinSxS\amd64_microsoft.windows.common-controls_6595b64144ccf1df_6.0.18362.1256_none_9e7e379be45e40e2\COMCTL32.dll
0x00007ff8cd8a0000 - 0x00007ff8cdbd6000 	C:\WINDOWS\System32\combase.dll
0x00007ff8cba80000 - 0x00007ff8cbb01000 	C:\WINDOWS\System32\bcryptPrimitives.dll
0x00007ff8cc1e0000 - 0x00007ff8cc20e000 	C:\WINDOWS\System32\IMM32.DLL
0x00000000667c0000 - 0x0000000066892000 	C:\Program Files\Android\Android Studio\jre\jre\bin\msvcr100.dll
0x00000000679a0000 - 0x00000000681eb000 	C:\Program Files\Android\Android Studio\jre\jre\bin\server\jvm.dll
0x00007ff8cc210000 - 0x00007ff8cc218000 	C:\WINDOWS\System32\PSAPI.DLL
0x00007ff8c21c0000 - 0x00007ff8c21ca000 	C:\WINDOWS\SYSTEM32\VERSION.dll
0x00007ff8bf0f0000 - 0x00007ff8bf114000 	C:\WINDOWS\SYSTEM32\WINMM.dll
0x00007ff8b9570000 - 0x00007ff8b9579000 	C:\WINDOWS\SYSTEM32\WSOCK32.dll
0x00007ff8cc420000 - 0x00007ff8cc48f000 	C:\WINDOWS\System32\WS2_32.dll
0x00007ff8bda50000 - 0x00007ff8bda7d000 	C:\WINDOWS\SYSTEM32\winmmbase.dll
0x00007ff8cb480000 - 0x00007ff8cb4ca000 	C:\WINDOWS\System32\cfgmgr32.dll
0x00007ff8be5a0000 - 0x00007ff8be5af000 	C:\Program Files\Android\Android Studio\jre\jre\bin\verify.dll
0x00007ff898ea0000 - 0x00007ff898ec9000 	C:\Program Files\Android\Android Studio\jre\jre\bin\java.dll
0x00007ff8bc3f0000 - 0x00007ff8bc406000 	C:\Program Files\Android\Android Studio\jre\jre\bin\zip.dll
0x00007ff8ccf60000 - 0x00007ff8cd647000 	C:\WINDOWS\System32\SHELL32.dll
0x00007ff8cbe30000 - 0x00007ff8cbed9000 	C:\WINDOWS\System32\shcore.dll
0x00007ff8cabc0000 - 0x00007ff8cb341000 	C:\WINDOWS\System32\windows.storage.dll
0x00007ff8cab60000 - 0x00007ff8cab83000 	C:\WINDOWS\System32\profapi.dll
0x00007ff8caad0000 - 0x00007ff8cab1a000 	C:\WINDOWS\System32\powrprof.dll
0x00007ff8caac0000 - 0x00007ff8caad0000 	C:\WINDOWS\System32\UMPDC.dll
0x00007ff8cc5e0000 - 0x00007ff8cc632000 	C:\WINDOWS\System32\shlwapi.dll
0x00007ff8cab40000 - 0x00007ff8cab51000 	C:\WINDOWS\System32\kernel.appcore.dll
0x00007ff8cbcb0000 - 0x00007ff8cbcc7000 	C:\WINDOWS\System32\cryptsp.dll
0x00007ff8bbf20000 - 0x00007ff8bbf3a000 	C:\Program Files\Android\Android Studio\jre\jre\bin\net.dll
0x00007ff8ca310000 - 0x00007ff8ca377000 	C:\WINDOWS\system32\mswsock.dll
0x00007ff8a6450000 - 0x00007ff8a6463000 	C:\Program Files\Android\Android Studio\jre\jre\bin\nio.dll
0x00007ff8be600000 - 0x00007ff8be627000 	C:\Users\mahmooda\.gradle\native\f6784746aeab05261644944871eae4fe03e0ef1612fff0a4a95f87b438bc6780\windows-amd64\native-platform.dll
0x00007ff8be240000 - 0x00007ff8be24d000 	C:\Program Files\Android\Android Studio\jre\jre\bin\management.dll
0x00007ff8c9c10000 - 0x00007ff8c9c43000 	C:\WINDOWS\system32\rsaenh.dll
0x00007ff8cb450000 - 0x00007ff8cb476000 	C:\WINDOWS\System32\bcrypt.dll
0x00007ff8ca9a0000 - 0x00007ff8ca9c5000 	C:\WINDOWS\SYSTEM32\USERENV.dll
0x00007ff8ca4e0000 - 0x00007ff8ca4ec000 	C:\WINDOWS\SYSTEM32\CRYPTBASE.dll
0x00007ff8ca020000 - 0x00007ff8ca05a000 	C:\WINDOWS\SYSTEM32\IPHLPAPI.DLL
0x00007ff8cc1d0000 - 0x00007ff8cc1d8000 	C:\WINDOWS\System32\NSI.dll
0x00007ff8c3d50000 - 0x00007ff8c3d66000 	C:\WINDOWS\SYSTEM32\dhcpcsvc6.DLL
0x00007ff8c3cf0000 - 0x00007ff8c3d0c000 	C:\WINDOWS\SYSTEM32\dhcpcsvc.DLL
0x00007ff8ca060000 - 0x00007ff8ca12b000 	C:\WINDOWS\SYSTEM32\DNSAPI.dll
0x00007ff8c3e70000 - 0x00007ff8c3e7b000 	C:\WINDOWS\SYSTEM32\WINNSI.DLL

VM Arguments:
jvm_args: -Xmx2048m -Dfile.encoding=UTF-8 -Duser.country=US -Duser.language=en -Duser.variant 
java_command: org.gradle.launcher.daemon.bootstrap.GradleDaemon 6.5
java_class_path (initial): C:\Users\mahmooda\.gradle\wrapper\dists\gradle-6.5-bin\6nifqtx7604sqp1q6g8wikw7p\gradle-6.5\lib\gradle-launcher-6.5.jar
Launcher Type: SUN_STANDARD

Environment Variables:
JAVA_HOME=C:\Program Files\Java\jdk-14.0.2\bin
CLASSPATH=.;C:\Program Files (x86)\QuickTime\QTSystem\QTJava.zip
PATH=C:\Python38\Scripts\;C:\Python38\;C:\Program Files (x86)\PerkinElmerInformatics\ChemOffice2017\ChemScript\Lib;C:\Program Files (x86)\Common Files\Oracle\Java\javapath;C:\WINDOWS\system32;C:\WINDOWS;C:\WINDOWS\System32\Wbem;C:\WINDOWS\System32\WindowsPowerShell\v1.0\;C:\WINDOWS\System32\OpenSSH\;C:\Program Files (x86)\QuickTime\QTSystem\;C:\ProgramData\chocolatey\bin;C:\Program Files\Git\cmd;C:\Program Files\Java\jdk1.8.0_241;C:\Program Files\Java\jre1.8.0_191\bin;C:\Program Files\Java\jre1.8.0_241\bin;C:\Program Files\nodejs\;C:\Program Files\Java\jdk-14.0.2\bin;C:\MinGW\bin;C:\Users\mahmooda\AppData\Local\Programs\Python\Python38-32\Scripts\;C:\Users\mahmooda\AppData\Local\Programs\Python\Python38-32\;C:\Users\mahmooda\AppData\Local\Microsoft\WindowsApps;C:\Program Files\JetBrains\PyCharm Community Edition 2019.2.2\bin;C:\Users\mahmooda\AppData\Local\Programs\Microsoft VS Code\bin;C:\Program Files\JetBrains\PyCharm Community Edition 2019.3\bin;C:\Users\mahmooda\AppData\Local\atom\bin;C:\Program Files\JetBrains\IntelliJ IDEA 2020.1.2\bin;;C:\Users\mahmooda\AppData\Roaming\npm;C:\Program Files (x86)\mingw-w64\i686-8.1.0-posix-dwarf-rt_v6-rev0\mingw32\bin;
USERNAME=mahmooda
OS=Windows_NT
PROCESSOR_IDENTIFIER=Intel64 Family 6 Model 142 Stepping 10, GenuineIntel



---------------  S Y S T E M  ---------------

OS: Windows 10.0 , 64 bit Build 18362 (10.0.18362.1110)

CPU:total 8 (initial active 8) (4 cores per cpu, 2 threads per core) family 6 model 142 stepping 10, cmov, cx8, fxsr, mmx, sse, sse2, sse3, ssse3, sse4.1, sse4.2, popcnt, avx, avx2, aes, clmul, erms, rtm, 3dnowpref, lzcnt, ht, tsc, tscinvbit, bmi1, bmi2, adx

Memory: 4k page, physical 8246228k(402860k free), swap 33412052k(6824k free)

vm_info: OpenJDK 64-Bit Server VM (25.242-b01) for windows-amd64 JRE (1.8.0_242-release-1644-b01), built by "builder" with MS VC++ 10.0 (VS2010)

time: Tue Jan 05 16:06:45 2021
timezone: Eastern Standard Time
elapsed time: 5 seconds (0d 0h 0m 5s)

